[0512/180915.557:ERROR:process_memory_win.cc(73)] ReadMemory at 0x7ff6abed0000 of 64 bytes failed: Only part of a ReadProcessMemory or WriteProcessMemory request was completed. (0x12B)
[0512/180915.648:WARNING:pe_image_reader.cc(340)] could not read dos header from C:\Program Files (x86)\Google\Chrome\Application\chrome.exe
[0512/180915.648:ERROR:process_memory_win.cc(73)] ReadMemory at 0x7ffe048c0000 of 64 bytes failed: Only part of a ReadProcessMemory or WriteProcessMemory request was completed. (0x12B)
[0512/180915.649:WARNING:pe_image_reader.cc(340)] could not read dos header from C:\WINDOWS\SYSTEM32\ntdll.dll
[0512/180915.649:ERROR:process_memory_win.cc(73)] ReadMemory at 0x7ffe03ab0000 of 64 bytes failed: Only part of a ReadProcessMemory or WriteProcessMemory request was completed. (0x12B)
[0512/180915.652:WARNING:pe_image_reader.cc(340)] could not read dos header from C:\WINDOWS\System32\KERNEL32.DLL
[0512/180915.652:ERROR:process_memory_win.cc(73)] ReadMemory at 0x7ffe023f0000 of 64 bytes failed: Only part of a ReadProcessMemory or WriteProcessMemory request was completed. (0x12B)
[0512/180915.653:WARNING:pe_image_reader.cc(340)] could not read dos header from C:\WINDOWS\System32\KERNELBASE.dll
[0512/180915.653:ERROR:process_memory_win.cc(73)] ReadMemory at 0x7ffdf4ef0000 of 64 bytes failed: Only part of a ReadProcessMemory or WriteProcessMemory request was completed. (0x12B)
[0512/180915.654:WARNING:pe_image_reader.cc(340)] could not read dos header from C:\Program Files (x86)\Google\Chrome\Application\81.0.4044.138\chrome_elf.dll
[0512/180915.654:ERROR:process_memory_win.cc(73)] ReadMemory at 0x7ffdf0f80000 of 64 bytes failed: Only part of a ReadProcessMemory or WriteProcessMemory request was completed. (0x12B)
[0512/180915.654:WARNING:pe_image_reader.cc(340)] could not read dos header from C:\WINDOWS\SYSTEM32\VERSION.dll
[0512/180915.655:ERROR:process_memory_win.cc(73)] ReadMemory at 0x7ffe02970000 of 64 bytes failed: Only part of a ReadProcessMemory or WriteProcessMemory request was completed. (0x12B)
[0512/180915.655:WARNING:pe_image_reader.cc(340)] could not read dos header from C:\WINDOWS\System32\msvcrt.dll
[0512/180915.656:ERROR:process_memory_win.cc(73)] ReadMemory at 0x7ffe02820000 of 64 bytes failed: Only part of a ReadProcessMemory or WriteProcessMemory request was completed. (0x12B)
[0512/180915.656:WARNING:pe_image_reader.cc(340)] could not read dos header from C:\WINDOWS\System32\bcryptPrimitives.dll
[0512/180915.656:ERROR:process_memory_win.cc(73)] ReadMemory at 0x7ffe032e0000 of 64 bytes failed: Only part of a ReadProcessMemory or WriteProcessMemory request was completed. (0x12B)
[0512/180915.657:WARNING:pe_image_reader.cc(340)] could not read dos header from C:\WINDOWS\System32\ADVAPI32.dll
[0512/180915.657:ERROR:process_memory_win.cc(73)] ReadMemory at 0x7ffe02b60000 of 64 bytes failed: Only part of a ReadProcessMemory or WriteProcessMemory request was completed. (0x12B)
[0512/180915.658:WARNING:pe_image_reader.cc(340)] could not read dos header from C:\WINDOWS\System32\sechost.dll
[0512/180915.658:ERROR:process_memory_win.cc(73)] ReadMemory at 0x7ffe04760000 of 64 bytes failed: Only part of a ReadProcessMemory or WriteProcessMemory request was completed. (0x12B)
[0512/180915.658:WARNING:pe_image_reader.cc(340)] could not read dos header from C:\WINDOWS\System32\RPCRT4.dll
[0512/180915.659:ERROR:process_memory_win.cc(73)] ReadMemory at 0x7ffdb9ca0000 of 64 bytes failed: Only part of a ReadProcessMemory or WriteProcessMemory request was completed. (0x12B)
[0512/180915.659:WARNING:pe_image_reader.cc(340)] could not read dos header from C:\Program Files (x86)\Google\Chrome\Application\81.0.4044.138\chrome.dll
[0512/180915.660:ERROR:process_memory_win.cc(73)] ReadMemory at 0x14212510000 of 64 bytes failed: Only part of a ReadProcessMemory or WriteProcessMemory request was completed. (0x12B)
[0512/180915.660:WARNING:pe_image_reader.cc(340)] could not read dos header from C:\WINDOWS\System32\WS2_32.dll
[0512/180915.660:ERROR:process_memory_win.cc(73)] ReadMemory at 0x7ffe04690000 of 64 bytes failed: Only part of a ReadProcessMemory or WriteProcessMemory request was completed. (0x12B)
[0512/180915.661:WARNING:pe_image_reader.cc(340)] could not read dos header from C:\WINDOWS\System32\OLEAUT32.dll
[0512/180915.662:ERROR:process_memory_win.cc(73)] ReadMemory at 0x7ffe02750000 of 64 bytes failed: Only part of a ReadProcessMemory or WriteProcessMemory request was completed. (0x12B)
[0512/180915.662:WARNING:pe_image_reader.cc(340)] could not read dos header from C:\WINDOWS\System32\msvcp_win.dll
[0512/180915.662:ERROR:process_memory_win.cc(73)] ReadMemory at 0x7ffe01850000 of 64 bytes failed: Only part of a ReadProcessMemory or WriteProcessMemory request was completed. (0x12B)
[0512/180915.663:WARNING:pe_image_reader.cc(340)] could not read dos header from C:\WINDOWS\System32\ucrtbase.dll
[0512/180915.663:ERROR:process_memory_win.cc(73)] ReadMemory at 0x7ffe034d0000 of 64 bytes failed: Only part of a ReadProcessMemory or WriteProcessMemory request was completed. (0x12B)
[0512/180915.664:WARNING:pe_image_reader.cc(340)] could not read dos header from C:\WINDOWS\System32\combase.dll
[0512/180915.664:ERROR:process_memory_win.cc(73)] ReadMemory at 0x7ffe028f0000 of 64 bytes failed: Only part of a ReadProcessMemory or WriteProcessMemory request was completed. (0x12B)
[0512/180915.664:WARNING:pe_image_reader.cc(340)] could not read dos header from C:\WINDOWS\System32\WINTRUST.dll
[0512/180915.665:ERROR:process_memory_win.cc(73)] ReadMemory at 0x7ffe017c0000 of 64 bytes failed: Only part of a ReadProcessMemory or WriteProcessMemory request was completed. (0x12B)
[0512/180915.665:WARNING:pe_image_reader.cc(340)] could not read dos header from C:\WINDOWS\System32\MSASN1.dll
[0512/180915.666:ERROR:process_memory_win.cc(73)] ReadMemory at 0x7ffe022a0000 of 64 bytes failed: Only part of a ReadProcessMemory or WriteProcessMemory request was completed. (0x12B)
[0512/180915.666:WARNING:pe_image_reader.cc(340)] could not read dos header from C:\WINDOWS\System32\CRYPT32.dll
[0512/180915.667:ERROR:process_memory_win.cc(73)] ReadMemory at 0x7ffe00cb0000 of 64 bytes failed: Only part of a ReadProcessMemory or WriteProcessMemory request was completed. (0x12B)
[0512/180915.667:WARNING:pe_image_reader.cc(340)] could not read dos header from C:\WINDOWS\SYSTEM32\IPHLPAPI.DLL
[0512/180915.667:ERROR:process_memory_win.cc(73)] ReadMemory at 0x7ffdff600000 of 64 bytes failed: Only part of a ReadProcessMemory or WriteProcessMemory request was completed. (0x12B)
[0512/180915.668:WARNING:pe_image_reader.cc(340)] could not read dos header from C:\WINDOWS\SYSTEM32\WINMM.dll
[0512/180915.668:ERROR:process_memory_win.cc(73)] ReadMemory at 0x7ffdef5b0000 of 64 bytes failed: Only part of a ReadProcessMemory or WriteProcessMemory request was completed. (0x12B)
[0512/180915.669:WARNING:pe_image_reader.cc(340)] could not read dos header from C:\WINDOWS\SYSTEM32\Secur32.dll
[0512/180915.669:ERROR:process_memory_win.cc(73)] ReadMemory at 0x7ffe016b0000 of 64 bytes failed: Only part of a ReadProcessMemory or WriteProcessMemory request was completed. (0x12B)
[0512/180915.669:WARNING:pe_image_reader.cc(340)] could not read dos header from C:\WINDOWS\SYSTEM32\USERENV.dll
[0512/180915.670:ERROR:process_memory_win.cc(73)] ReadMemory at 0x7ffe017a0000 of 64 bytes failed: Only part of a ReadProcessMemory or WriteProcessMemory request was completed. (0x12B)
[0512/180915.670:WARNING:pe_image_reader.cc(340)] could not read dos header from C:\WINDOWS\System32\profapi.dll
[0512/180915.671:ERROR:process_memory_win.cc(73)] ReadMemory at 0x7ffde6660000 of 64 bytes failed: Only part of a ReadProcessMemory or WriteProcessMemory request was completed. (0x12B)
[0512/180915.671:WARNING:pe_image_reader.cc(340)] could not read dos header from C:\WINDOWS\SYSTEM32\UIAutomationCore.DLL
[0512/180915.671:ERROR:process_memory_win.cc(73)] ReadMemory at 0x7ffdf5b10000 of 64 bytes failed: Only part of a ReadProcessMemory or WriteProcessMemory request was completed. (0x12B)
[0512/180915.672:WARNING:pe_image_reader.cc(340)] could not read dos header from C:\WINDOWS\SYSTEM32\DWrite.dll
[0512/180915.672:ERROR:process_memory_win.cc(73)] ReadMemory at 0x7ffdf0350000 of 64 bytes failed: Only part of a ReadProcessMemory or WriteProcessMemory request was completed. (0x12B)
[0512/180915.673:WARNING:pe_image_reader.cc(340)] could not read dos header from C:\WINDOWS\SYSTEM32\WINSPOOL.DRV
[0512/180915.674:ERROR:process_memory_win.cc(73)] ReadMemory at 0x7ffe01830000 of 64 bytes failed: Only part of a ReadProcessMemory or WriteProcessMemory request was completed. (0x12B)
[0512/180915.674:WARNING:pe_image_reader.cc(340)] could not read dos header from C:\WINDOWS\System32\kernel.appcore.dll
[0512/180915.674:ERROR:process_memory_win.cc(73)] ReadMemory at 0x7ffe027f0000 of 64 bytes failed: Only part of a ReadProcessMemory or WriteProcessMemory request was completed. (0x12B)
[0512/180915.675:WARNING:pe_image_reader.cc(340)] could not read dos header from C:\WINDOWS\System32\bcrypt.dll
[0512/180915.675:ERROR:process_memory_win.cc(73)] ReadMemory at 0x7ffe00070000 of 64 bytes failed: Only part of a ReadProcessMemory or WriteProcessMemory request was completed. (0x12B)
[0512/180915.675:WARNING:pe_image_reader.cc(340)] could not read dos header from C:\WINDOWS\SYSTEM32\dbghelp.dll
[0512/180915.676:ERROR:process_memory_win.cc(73)] ReadMemory at 0x7ffdf5f40000 of 64 bytes failed: Only part of a ReadProcessMemory or WriteProcessMemory request was completed. (0x12B)
[0512/180915.676:WARNING:pe_image_reader.cc(340)] could not read dos header from C:\WINDOWS\SYSTEM32\WINHTTP.dll
[0512/180915.677:ERROR:process_memory_win.cc(73)] ReadMemory at 0x7ffdf6a70000 of 64 bytes failed: Only part of a ReadProcessMemory or WriteProcessMemory request was completed. (0x12B)
[0512/180915.677:WARNING:pe_image_reader.cc(340)] could not read dos header from C:\WINDOWS\SYSTEM32\dhcpcsvc.DLL
[0512/180915.678:ERROR:process_memory_win.cc(73)] ReadMemory at 0x7ffe02a70000 of 64 bytes failed: Only part of a ReadProcessMemory or WriteProcessMemory request was completed. (0x12B)
[0512/180915.678:WARNING:pe_image_reader.cc(340)] could not read dos header from C:\WINDOWS\System32\NSI.dll
[0512/180915.678:ERROR:process_memory_win.cc(73)] ReadMemory at 0x7ffdfe120000 of 64 bytes failed: Only part of a ReadProcessMemory or WriteProcessMemory request was completed. (0x12B)
[0512/180915.679:WARNING:pe_image_reader.cc(340)] could not read dos header from C:\WINDOWS\SYSTEM32\WINMMBASE.dll
[0512/180915.679:ERROR:process_memory_win.cc(73)] ReadMemory at 0x7ffe028a0000 of 64 bytes failed: Only part of a ReadProcessMemory or WriteProcessMemory request was completed. (0x12B)
[0512/180915.679:WARNING:pe_image_reader.cc(340)] could not read dos header from C:\WINDOWS\System32\cfgmgr32.dll
[0512/180915.680:ERROR:process_memory_win.cc(73)] ReadMemory at 0x7ffdfdda0000 of 64 bytes failed: Only part of a ReadProcessMemory or WriteProcessMemory request was completed. (0x12B)
[0512/180915.680:WARNING:pe_image_reader.cc(340)] could not read dos header from C:\WINDOWS\SYSTEM32\PROPSYS.dll
[0512/180915.681:ERROR:process_memory_win.cc(73)] ReadMemory at 0x7ffe02a80000 of 64 bytes failed: Only part of a ReadProcessMemory or WriteProcessMemory request was completed. (0x12B)
[0512/180915.681:WARNING:pe_image_reader.cc(340)] could not read dos header from C:\WINDOWS\System32\shcore.dll
[0512/180915.681:ERROR:process_memory_win.cc(73)] ReadMemory at 0x7ffe01680000 of 64 bytes failed: Only part of a ReadProcessMemory or WriteProcessMemory request was completed. (0x12B)
[0512/180915.681:WARNING:pe_image_reader.cc(340)] could not read dos header from C:\WINDOWS\SYSTEM32\SSPICLI.DLL
[0512/180915.681:ERROR:process_memory_win.cc(73)] ReadMemory at 0x7ffe01170000 of 64 bytes failed: Only part of a ReadProcessMemory or WriteProcessMemory request was completed. (0x12B)
[0512/180915.681:WARNING:pe_image_reader.cc(340)] could not read dos header from C:\WINDOWS\SYSTEM32\CRYPTBASE.DLL
[0512/180915.793:ERROR:process_memory_win.cc(73)] ReadMemory at 0x7ff6abed0000 of 64 bytes failed: Only part of a ReadProcessMemory or WriteProcessMemory request was completed. (0x12B)
[0512/180915.793:WARNING:pe_image_reader.cc(340)] could not read dos header from C:\Program Files (x86)\Google\Chrome\Application\chrome.exe
[0512/180915.794:ERROR:process_memory_win.cc(73)] ReadMemory at 0x7ffe048c0000 of 64 bytes failed: Only part of a ReadProcessMemory or WriteProcessMemory request was completed. (0x12B)
[0512/180915.794:WARNING:pe_image_reader.cc(340)] could not read dos header from C:\WINDOWS\SYSTEM32\ntdll.dll
[0512/180915.794:ERROR:process_memory_win.cc(73)] ReadMemory at 0x7ffe03ab0000 of 64 bytes failed: Only part of a ReadProcessMemory or WriteProcessMemory request was completed. (0x12B)
[0512/180915.794:WARNING:pe_image_reader.cc(340)] could not read dos header from C:\WINDOWS\System32\KERNEL32.DLL
[0512/180915.795:ERROR:process_memory_win.cc(73)] ReadMemory at 0x7ffe023f0000 of 64 bytes failed: Only part of a ReadProcessMemory or WriteProcessMemory request was completed. (0x12B)
[0512/180915.795:WARNING:pe_image_reader.cc(340)] could not read dos header from C:\WINDOWS\System32\KERNELBASE.dll
[0512/180915.795:ERROR:process_memory_win.cc(73)] ReadMemory at 0x7ffdf4ef0000 of 64 bytes failed: Only part of a ReadProcessMemory or WriteProcessMemory request was completed. (0x12B)
[0512/180915.796:WARNING:pe_image_reader.cc(340)] could not read dos header from C:\Program Files (x86)\Google\Chrome\Application\81.0.4044.138\chrome_elf.dll
[0512/180915.796:ERROR:process_memory_win.cc(73)] ReadMemory at 0x7ffdf0f80000 of 64 bytes failed: Only part of a ReadProcessMemory or WriteProcessMemory request was completed. (0x12B)
[0512/180915.796:WARNING:pe_image_reader.cc(340)] could not read dos header from C:\WINDOWS\SYSTEM32\VERSION.dll
[0512/180915.797:ERROR:process_memory_win.cc(73)] ReadMemory at 0x7ffe02970000 of 64 bytes failed: Only part of a ReadProcessMemory or WriteProcessMemory request was completed. (0x12B)
[0512/180915.797:WARNING:pe_image_reader.cc(340)] could not read dos header from C:\WINDOWS\System32\msvcrt.dll
[0512/180915.797:ERROR:process_memory_win.cc(73)] ReadMemory at 0x7ffe02820000 of 64 bytes failed: Only part of a ReadProcessMemory or WriteProcessMemory request was completed. (0x12B)
[0512/180915.798:WARNING:pe_image_reader.cc(340)] could not read dos header from C:\WINDOWS\System32\bcryptPrimitives.dll
[0512/180915.798:ERROR:process_memory_win.cc(73)] ReadMemory at 0x7ffe032e0000 of 64 bytes failed: Only part of a ReadProcessMemory or WriteProcessMemory request was completed. (0x12B)
[0512/180915.798:WARNING:pe_image_reader.cc(340)] could not read dos header from C:\WINDOWS\System32\ADVAPI32.dll
[0512/180915.799:ERROR:process_memory_win.cc(73)] ReadMemory at 0x7ffe02b60000 of 64 bytes failed: Only part of a ReadProcessMemory or WriteProcessMemory request was completed. (0x12B)
[0512/180915.799:WARNING:pe_image_reader.cc(340)] could not read dos header from C:\WINDOWS\System32\sechost.dll
[0512/180915.799:ERROR:process_memory_win.cc(73)] ReadMemory at 0x7ffe04760000 of 64 bytes failed: Only part of a ReadProcessMemory or WriteProcessMemory request was completed. (0x12B)
[0512/180915.799:WARNING:pe_image_reader.cc(340)] could not read dos header from C:\WINDOWS\System32\RPCRT4.dll
[0512/180915.800:ERROR:process_memory_win.cc(73)] ReadMemory at 0x7ffdb9ca0000 of 64 bytes failed: Only part of a ReadProcessMemory or WriteProcessMemory request was completed. (0x12B)
[0512/180915.800:WARNING:pe_image_reader.cc(340)] could not read dos header from C:\Program Files (x86)\Google\Chrome\Application\81.0.4044.138\chrome.dll
[0512/180915.802:ERROR:process_memory_win.cc(73)] ReadMemory at 0x14212510000 of 64 bytes failed: Only part of a ReadProcessMemory or WriteProcessMemory request was completed. (0x12B)
[0512/180915.802:WARNING:pe_image_reader.cc(340)] could not read dos header from C:\WINDOWS\System32\WS2_32.dll
[0512/180915.802:ERROR:process_memory_win.cc(73)] ReadMemory at 0x7ffe04690000 of 64 bytes failed: Only part of a ReadProcessMemory or WriteProcessMemory request was completed. (0x12B)
[0512/180915.802:WARNING:pe_image_reader.cc(340)] could not read dos header from C:\WINDOWS\System32\OLEAUT32.dll
[0512/180915.802:ERROR:process_memory_win.cc(73)] ReadMemory at 0x7ffe02750000 of 64 bytes failed: Only part of a ReadProcessMemory or WriteProcessMemory request was completed. (0x12B)
[0512/180915.803:WARNING:pe_image_reader.cc(340)] could not read dos header from C:\WINDOWS\System32\msvcp_win.dll
[0512/180915.803:ERROR:process_memory_win.cc(73)] ReadMemory at 0x7ffe01850000 of 64 bytes failed: Only part of a ReadProcessMemory or WriteProcessMemory request was completed. (0x12B)
[0512/180915.804:WARNING:pe_image_reader.cc(340)] could not read dos header from C:\WINDOWS\System32\ucrtbase.dll
[0512/180915.804:ERROR:process_memory_win.cc(73)] ReadMemory at 0x7ffe034d0000 of 64 bytes failed: Only part of a ReadProcessMemory or WriteProcessMemory request was completed. (0x12B)
[0512/180915.805:WARNING:pe_image_reader.cc(340)] could not read dos header from C:\WINDOWS\System32\combase.dll
[0512/180915.805:ERROR:process_memory_win.cc(73)] ReadMemory at 0x7ffe028f0000 of 64 bytes failed: Only part of a ReadProcessMemory or WriteProcessMemory request was completed. (0x12B)
[0512/180915.805:WARNING:pe_image_reader.cc(340)] could not read dos header from C:\WINDOWS\System32\WINTRUST.dll
[0512/180915.806:ERROR:process_memory_win.cc(73)] ReadMemory at 0x7ffe017c0000 of 64 bytes failed: Only part of a ReadProcessMemory or WriteProcessMemory request was completed. (0x12B)
[0512/180915.806:WARNING:pe_image_reader.cc(340)] could not read dos header from C:\WINDOWS\System32\MSASN1.dll
[0512/180915.807:ERROR:process_memory_win.cc(73)] ReadMemory at 0x7ffe022a0000 of 64 bytes failed: Only part of a ReadProcessMemory or WriteProcessMemory request was completed. (0x12B)
[0512/180915.807:WARNING:pe_image_reader.cc(340)] could not read dos header from C:\WINDOWS\System32\CRYPT32.dll
[0512/180915.807:ERROR:process_memory_win.cc(73)] ReadMemory at 0x7ffe00cb0000 of 64 bytes failed: Only part of a ReadProcessMemory or WriteProcessMemory request was completed. (0x12B)
[0512/180915.808:WARNING:pe_image_reader.cc(340)] could not read dos header from C:\WINDOWS\SYSTEM32\IPHLPAPI.DLL
[0512/180915.808:ERROR:process_memory_win.cc(73)] ReadMemory at 0x7ffdff600000 of 64 bytes failed: Only part of a ReadProcessMemory or WriteProcessMemory request was completed. (0x12B)
[0512/180915.808:WARNING:pe_image_reader.cc(340)] could not read dos header from C:\WINDOWS\SYSTEM32\WINMM.dll
[0512/180915.809:ERROR:process_memory_win.cc(73)] ReadMemory at 0x7ffdef5b0000 of 64 bytes failed: Only part of a ReadProcessMemory or WriteProcessMemory request was completed. (0x12B)
[0512/180915.809:WARNING:pe_image_reader.cc(340)] could not read dos header from C:\WINDOWS\SYSTEM32\Secur32.dll
[0512/180915.810:ERROR:process_memory_win.cc(73)] ReadMemory at 0x7ffe016b0000 of 64 bytes failed: Only part of a ReadProcessMemory or WriteProcessMemory request was completed. (0x12B)
[0512/180915.810:WARNING:pe_image_reader.cc(340)] could not read dos header from C:\WINDOWS\SYSTEM32\USERENV.dll
[0512/180915.811:ERROR:process_memory_win.cc(73)] ReadMemory at 0x7ffe017a0000 of 64 bytes failed: Only part of a ReadProcessMemory or WriteProcessMemory request was completed. (0x12B)
[0512/180915.811:WARNING:pe_image_reader.cc(340)] could not read dos header from C:\WINDOWS\System32\profapi.dll
[0512/180915.811:ERROR:process_memory_win.cc(73)] ReadMemory at 0x7ffde6660000 of 64 bytes failed: Only part of a ReadProcessMemory or WriteProcessMemory request was completed. (0x12B)
[0512/180915.812:WARNING:pe_image_reader.cc(340)] could not read dos header from C:\WINDOWS\SYSTEM32\UIAutomationCore.DLL
[0512/180915.812:ERROR:process_memory_win.cc(73)] ReadMemory at 0x7ffdf5b10000 of 64 bytes failed: Only part of a ReadProcessMemory or WriteProcessMemory request was completed. (0x12B)
[0512/180915.814:WARNING:pe_image_reader.cc(340)] could not read dos header from C:\WINDOWS\SYSTEM32\DWrite.dll
[0512/180915.814:ERROR:process_memory_win.cc(73)] ReadMemory at 0x7ffdf0350000 of 64 bytes failed: Only part of a ReadProcessMemory or WriteProcessMemory request was completed. (0x12B)
[0512/180915.815:WARNING:pe_image_reader.cc(340)] could not read dos header from C:\WINDOWS\SYSTEM32\WINSPOOL.DRV
[0512/180915.815:ERROR:process_memory_win.cc(73)] ReadMemory at 0x7ffe01830000 of 64 bytes failed: Only part of a ReadProcessMemory or WriteProcessMemory request was completed. (0x12B)
[0512/180915.816:WARNING:pe_image_reader.cc(340)] could not read dos header from C:\WINDOWS\System32\kernel.appcore.dll
[0512/180915.816:ERROR:process_memory_win.cc(73)] ReadMemory at 0x7ffe027f0000 of 64 bytes failed: Only part of a ReadProcessMemory or WriteProcessMemory request was completed. (0x12B)
[0512/180915.816:WARNING:pe_image_reader.cc(340)] could not read dos header from C:\WINDOWS\System32\bcrypt.dll
[0512/180915.817:ERROR:process_memory_win.cc(73)] ReadMemory at 0x7ffe00070000 of 64 bytes failed: Only part of a ReadProcessMemory or WriteProcessMemory request was completed. (0x12B)
[0512/180915.817:WARNING:pe_image_reader.cc(340)] could not read dos header from C:\WINDOWS\SYSTEM32\dbghelp.dll
[0512/180915.818:ERROR:process_memory_win.cc(73)] ReadMemory at 0x7ffdf5f40000 of 64 bytes failed: Only part of a ReadProcessMemory or WriteProcessMemory request was completed. (0x12B)
[0512/180915.818:WARNING:pe_image_reader.cc(340)] could not read dos header from C:\WINDOWS\SYSTEM32\WINHTTP.dll
[0512/180915.819:ERROR:process_memory_win.cc(73)] ReadMemory at 0x7ffdf6a70000 of 64 bytes failed: Only part of a ReadProcessMemory or WriteProcessMemory request was completed. (0x12B)
[0512/180915.819:WARNING:pe_image_reader.cc(340)] could not read dos header from C:\WINDOWS\SYSTEM32\dhcpcsvc.DLL
[0512/180915.819:ERROR:process_memory_win.cc(73)] ReadMemory at 0x7ffe02a70000 of 64 bytes failed: Only part of a ReadProcessMemory or WriteProcessMemory request was completed. (0x12B)
[0512/180915.820:WARNING:pe_image_reader.cc(340)] could not read dos header from C:\WINDOWS\System32\NSI.dll
[0512/180915.820:ERROR:process_memory_win.cc(73)] ReadMemory at 0x7ffdfe120000 of 64 bytes failed: Only part of a ReadProcessMemory or WriteProcessMemory request was completed. (0x12B)
[0512/180915.821:WARNING:pe_image_reader.cc(340)] could not read dos header from C:\WINDOWS\SYSTEM32\WINMMBASE.dll
[0512/180915.821:ERROR:process_memory_win.cc(73)] ReadMemory at 0x7ffe028a0000 of 64 bytes failed: Only part of a ReadProcessMemory or WriteProcessMemory request was completed. (0x12B)
[0512/180915.821:WARNING:pe_image_reader.cc(340)] could not read dos header from C:\WINDOWS\System32\cfgmgr32.dll
[0512/180915.822:ERROR:process_memory_win.cc(73)] ReadMemory at 0x7ffdfdda0000 of 64 bytes failed: Only part of a ReadProcessMemory or WriteProcessMemory request was completed. (0x12B)
[0512/180915.822:WARNING:pe_image_reader.cc(340)] could not read dos header from C:\WINDOWS\SYSTEM32\PROPSYS.dll
[0512/180915.823:ERROR:process_memory_win.cc(73)] ReadMemory at 0x7ffe02a80000 of 64 bytes failed: Only part of a ReadProcessMemory or WriteProcessMemory request was completed. (0x12B)
[0512/180915.823:WARNING:pe_image_reader.cc(340)] could not read dos header from C:\WINDOWS\System32\shcore.dll
[0512/180915.824:ERROR:process_memory_win.cc(73)] ReadMemory at 0x7ffe01680000 of 64 bytes failed: Only part of a ReadProcessMemory or WriteProcessMemory request was completed. (0x12B)
[0512/180915.824:WARNING:pe_image_reader.cc(340)] could not read dos header from C:\WINDOWS\SYSTEM32\SSPICLI.DLL
[0512/180915.825:ERROR:process_memory_win.cc(73)] ReadMemory at 0x7ffe01170000 of 64 bytes failed: Only part of a ReadProcessMemory or WriteProcessMemory request was completed. (0x12B)
[0512/180915.825:WARNING:pe_image_reader.cc(340)] could not read dos header from C:\WINDOWS\SYSTEM32\CRYPTBASE.DLL
[0512/180915.825:ERROR:process_memory_win.cc(73)] ReadMemory at 0x7ff6abed0000 of 64 bytes failed: Only part of a ReadProcessMemory or WriteProcessMemory request was completed. (0x12B)
[0512/180915.826:WARNING:pe_image_reader.cc(340)] could not read dos header from C:\Program Files (x86)\Google\Chrome\Application\chrome.exe
[0512/180915.826:ERROR:process_memory_win.cc(73)] ReadMemory at 0x7ffe048c0000 of 64 bytes failed: Only part of a ReadProcessMemory or WriteProcessMemory request was completed. (0x12B)
[0512/180915.827:WARNING:pe_image_reader.cc(340)] could not read dos header from C:\WINDOWS\SYSTEM32\ntdll.dll
[0512/180915.827:ERROR:process_memory_win.cc(73)] ReadMemory at 0x7ffe03ab0000 of 64 bytes failed: Only part of a ReadProcessMemory or WriteProcessMemory request was completed. (0x12B)
[0512/180915.827:WARNING:pe_image_reader.cc(340)] could not read dos header from C:\WINDOWS\System32\KERNEL32.DLL
[0512/180915.828:ERROR:process_memory_win.cc(73)] ReadMemory at 0x7ffe023f0000 of 64 bytes failed: Only part of a ReadProcessMemory or WriteProcessMemory request was completed. (0x12B)
[0512/180915.828:WARNING:pe_image_reader.cc(340)] could not read dos header from C:\WINDOWS\System32\KERNELBASE.dll
[0512/180915.829:ERROR:process_memory_win.cc(73)] ReadMemory at 0x7ffdf4ef0000 of 64 bytes failed: Only part of a ReadProcessMemory or WriteProcessMemory request was completed. (0x12B)
[0512/180915.829:WARNING:pe_image_reader.cc(340)] could not read dos header from C:\Program Files (x86)\Google\Chrome\Application\81.0.4044.138\chrome_elf.dll
[0512/180915.829:ERROR:process_memory_win.cc(73)] ReadMemory at 0x7ffdf0f80000 of 64 bytes failed: Only part of a ReadProcessMemory or WriteProcessMemory request was completed. (0x12B)
[0512/180915.830:WARNING:pe_image_reader.cc(340)] could not read dos header from C:\WINDOWS\SYSTEM32\VERSION.dll
[0512/180915.830:ERROR:process_memory_win.cc(73)] ReadMemory at 0x7ffe02970000 of 64 bytes failed: Only part of a ReadProcessMemory or WriteProcessMemory request was completed. (0x12B)
[0512/180915.830:WARNING:pe_image_reader.cc(340)] could not read dos header from C:\WINDOWS\System32\msvcrt.dll
[0512/180915.830:ERROR:process_memory_win.cc(73)] ReadMemory at 0x7ffe02820000 of 64 bytes failed: Only part of a ReadProcessMemory or WriteProcessMemory request was completed. (0x12B)
[0512/180915.830:WARNING:pe_image_reader.cc(340)] could not read dos header from C:\WINDOWS\System32\bcryptPrimitives.dll
[0512/180915.830:ERROR:process_memory_win.cc(73)] ReadMemory at 0x7ffe032e0000 of 64 bytes failed: Only part of a ReadProcessMemory or WriteProcessMemory request was completed. (0x12B)
[0512/180915.830:WARNING:pe_image_reader.cc(340)] could not read dos header from C:\WINDOWS\System32\ADVAPI32.dll
[0512/180915.830:ERROR:process_memory_win.cc(73)] ReadMemory at 0x7ffe02b60000 of 64 bytes failed: Only part of a ReadProcessMemory or WriteProcessMemory request was completed. (0x12B)
[0512/180915.831:WARNING:pe_image_reader.cc(340)] could not read dos header from C:\WINDOWS\System32\sechost.dll
[0512/180915.831:ERROR:process_memory_win.cc(73)] ReadMemory at 0x7ffe04760000 of 64 bytes failed: Only part of a ReadProcessMemory or WriteProcessMemory request was completed. (0x12B)
[0512/180915.831:WARNING:pe_image_reader.cc(340)] could not read dos header from C:\WINDOWS\System32\RPCRT4.dll
[0512/180915.831:ERROR:process_memory_win.cc(73)] ReadMemory at 0x7ffdb9ca0000 of 64 bytes failed: Only part of a ReadProcessMemory or WriteProcessMemory request was completed. (0x12B)
[0512/180915.831:WARNING:pe_image_reader.cc(340)] could not read dos header from C:\Program Files (x86)\Google\Chrome\Application\81.0.4044.138\chrome.dll
[0512/180915.831:ERROR:process_memory_win.cc(73)] ReadMemory at 0x14212510000 of 64 bytes failed: Only part of a ReadProcessMemory or WriteProcessMemory request was completed. (0x12B)
[0512/180915.831:WARNING:pe_image_reader.cc(340)] could not read dos header from C:\WINDOWS\System32\WS2_32.dll
[0512/180915.831:ERROR:process_memory_win.cc(73)] ReadMemory at 0x7ffe04690000 of 64 bytes failed: Only part of a ReadProcessMemory or WriteProcessMemory request was completed. (0x12B)
[0512/180915.831:WARNING:pe_image_reader.cc(340)] could not read dos header from C:\WINDOWS\System32\OLEAUT32.dll
[0512/180915.831:ERROR:process_memory_win.cc(73)] ReadMemory at 0x7ffe02750000 of 64 bytes failed: Only part of a ReadProcessMemory or WriteProcessMemory request was completed. (0x12B)
[0512/180915.831:WARNING:pe_image_reader.cc(340)] could not read dos header from C:\WINDOWS\System32\msvcp_win.dll
[0512/180915.831:ERROR:process_memory_win.cc(73)] ReadMemory at 0x7ffe01850000 of 64 bytes failed: Only part of a ReadProcessMemory or WriteProcessMemory request was completed. (0x12B)
[0512/180915.831:WARNING:pe_image_reader.cc(340)] could not read dos header from C:\WINDOWS\System32\ucrtbase.dll
[0512/180915.832:ERROR:process_memory_win.cc(73)] ReadMemory at 0x7ffe034d0000 of 64 bytes failed: Only part of a ReadProcessMemory or WriteProcessMemory request was completed. (0x12B)
[0512/180915.832:WARNING:pe_image_reader.cc(340)] could not read dos header from C:\WINDOWS\System32\combase.dll
[0512/180915.832:ERROR:process_memory_win.cc(73)] ReadMemory at 0x7ffe028f0000 of 64 bytes failed: Only part of a ReadProcessMemory or WriteProcessMemory request was completed. (0x12B)
[0512/180915.832:WARNING:pe_image_reader.cc(340)] could not read dos header from C:\WINDOWS\System32\WINTRUST.dll
[0512/180915.832:ERROR:process_memory_win.cc(73)] ReadMemory at 0x7ffe017c0000 of 64 bytes failed: Only part of a ReadProcessMemory or WriteProcessMemory request was completed. (0x12B)
[0512/180915.832:WARNING:pe_image_reader.cc(340)] could not read dos header from C:\WINDOWS\System32\MSASN1.dll
[0512/180915.832:ERROR:process_memory_win.cc(73)] ReadMemory at 0x7ffe022a0000 of 64 bytes failed: Only part of a ReadProcessMemory or WriteProcessMemory request was completed. (0x12B)
[0512/180915.832:WARNING:pe_image_reader.cc(340)] could not read dos header from C:\WINDOWS\System32\CRYPT32.dll
[0512/180915.832:ERROR:process_memory_win.cc(73)] ReadMemory at 0x7ffe00cb0000 of 64 bytes failed: Only part of a ReadProcessMemory or WriteProcessMemory request was completed. (0x12B)
[0512/180915.832:WARNING:pe_image_reader.cc(340)] could not read dos header from C:\WINDOWS\SYSTEM32\IPHLPAPI.DLL
[0512/180915.832:ERROR:process_memory_win.cc(73)] ReadMemory at 0x7ffdff600000 of 64 bytes failed: Only part of a ReadProcessMemory or WriteProcessMemory request was completed. (0x12B)
[0512/180915.832:WARNING:pe_image_reader.cc(340)] could not read dos header from C:\WINDOWS\SYSTEM32\WINMM.dll
[0512/180915.832:ERROR:process_memory_win.cc(73)] ReadMemory at 0x7ffdef5b0000 of 64 bytes failed: Only part of a ReadProcessMemory or WriteProcessMemory request was completed. (0x12B)
[0512/180915.832:WARNING:pe_image_reader.cc(340)] could not read dos header from C:\WINDOWS\SYSTEM32\Secur32.dll
[0512/180915.833:ERROR:process_memory_win.cc(73)] ReadMemory at 0x7ffe016b0000 of 64 bytes failed: Only part of a ReadProcessMemory or WriteProcessMemory request was completed. (0x12B)
[0512/180915.833:WARNING:pe_image_reader.cc(340)] could not read dos header from C:\WINDOWS\SYSTEM32\USERENV.dll
[0512/180915.833:ERROR:process_memory_win.cc(73)] ReadMemory at 0x7ffe017a0000 of 64 bytes failed: Only part of a ReadProcessMemory or WriteProcessMemory request was completed. (0x12B)
[0512/180915.833:WARNING:pe_image_reader.cc(340)] could not read dos header from C:\WINDOWS\System32\profapi.dll
[0512/180915.833:ERROR:process_memory_win.cc(73)] ReadMemory at 0x7ffde6660000 of 64 bytes failed: Only part of a ReadProcessMemory or WriteProcessMemory request was completed. (0x12B)
[0512/180915.833:WARNING:pe_image_reader.cc(340)] could not read dos header from C:\WINDOWS\SYSTEM32\UIAutomationCore.DLL
[0512/180915.833:ERROR:process_memory_win.cc(73)] ReadMemory at 0x7ffdf5b10000 of 64 bytes failed: Only part of a ReadProcessMemory or WriteProcessMemory request was completed. (0x12B)
[0512/180915.833:WARNING:pe_image_reader.cc(340)] could not read dos header from C:\WINDOWS\SYSTEM32\DWrite.dll
[0512/180915.833:ERROR:process_memory_win.cc(73)] ReadMemory at 0x7ffdf0350000 of 64 bytes failed: Only part of a ReadProcessMemory or WriteProcessMemory request was completed. (0x12B)
[0512/180915.833:WARNING:pe_image_reader.cc(340)] could not read dos header from C:\WINDOWS\SYSTEM32\WINSPOOL.DRV
[0512/180915.833:ERROR:process_memory_win.cc(73)] ReadMemory at 0x7ffe01830000 of 64 bytes failed: Only part of a ReadProcessMemory or WriteProcessMemory request was completed. (0x12B)
[0512/180915.834:WARNING:pe_image_reader.cc(340)] could not read dos header from C:\WINDOWS\System32\kernel.appcore.dll
[0512/180915.834:ERROR:process_memory_win.cc(73)] ReadMemory at 0x7ffe027f0000 of 64 bytes failed: Only part of a ReadProcessMemory or WriteProcessMemory request was completed. (0x12B)
[0512/180915.834:WARNING:pe_image_reader.cc(340)] could not read dos header from C:\WINDOWS\System32\bcrypt.dll
[0512/180915.834:ERROR:process_memory_win.cc(73)] ReadMemory at 0x7ffe00070000 of 64 bytes failed: Only part of a ReadProcessMemory or WriteProcessMemory request was completed. (0x12B)
[0512/180915.834:WARNING:pe_image_reader.cc(340)] could not read dos header from C:\WINDOWS\SYSTEM32\dbghelp.dll
[0512/180915.834:ERROR:process_memory_win.cc(73)] ReadMemory at 0x7ffdf5f40000 of 64 bytes failed: Only part of a ReadProcessMemory or WriteProcessMemory request was completed. (0x12B)
[0512/180915.834:WARNING:pe_image_reader.cc(340)] could not read dos header from C:\WINDOWS\SYSTEM32\WINHTTP.dll
[0512/180915.834:ERROR:process_memory_win.cc(73)] ReadMemory at 0x7ffdf6a70000 of 64 bytes failed: Only part of a ReadProcessMemory or WriteProcessMemory request was completed. (0x12B)
[0512/180915.834:WARNING:pe_image_reader.cc(340)] could not read dos header from C:\WINDOWS\SYSTEM32\dhcpcsvc.DLL
[0512/180915.834:ERROR:process_memory_win.cc(73)] ReadMemory at 0x7ffe02a70000 of 64 bytes failed: Only part of a ReadProcessMemory or WriteProcessMemory request was completed. (0x12B)
[0512/180915.834:WARNING:pe_image_reader.cc(340)] could not read dos header from C:\WINDOWS\System32\NSI.dll
[0512/180915.834:ERROR:process_memory_win.cc(73)] ReadMemory at 0x7ffdfe120000 of 64 bytes failed: Only part of a ReadProcessMemory or WriteProcessMemory request was completed. (0x12B)
[0512/180915.834:WARNING:pe_image_reader.cc(340)] could not read dos header from C:\WINDOWS\SYSTEM32\WINMMBASE.dll
[0512/180915.834:ERROR:process_memory_win.cc(73)] ReadMemory at 0x7ffe028a0000 of 64 bytes failed: Only part of a ReadProcessMemory or WriteProcessMemory request was completed. (0x12B)
[0512/180915.835:WARNING:pe_image_reader.cc(340)] could not read dos header from C:\WINDOWS\System32\cfgmgr32.dll
[0512/180915.835:ERROR:process_memory_win.cc(73)] ReadMemory at 0x7ffdfdda0000 of 64 bytes failed: Only part of a ReadProcessMemory or WriteProcessMemory request was completed. (0x12B)
[0512/180915.835:WARNING:pe_image_reader.cc(340)] could not read dos header from C:\WINDOWS\SYSTEM32\PROPSYS.dll
[0512/180915.835:ERROR:process_memory_win.cc(73)] ReadMemory at 0x7ffe02a80000 of 64 bytes failed: Only part of a ReadProcessMemory or WriteProcessMemory request was completed. (0x12B)
[0512/180915.835:WARNING:pe_image_reader.cc(340)] could not read dos header from C:\WINDOWS\System32\shcore.dll
[0512/180915.835:ERROR:process_memory_win.cc(73)] ReadMemory at 0x7ffe01680000 of 64 bytes failed: Only part of a ReadProcessMemory or WriteProcessMemory request was completed. (0x12B)
[0512/180915.835:WARNING:pe_image_reader.cc(340)] could not read dos header from C:\WINDOWS\SYSTEM32\SSPICLI.DLL
[0512/180915.835:ERROR:process_memory_win.cc(73)] ReadMemory at 0x7ffe01170000 of 64 bytes failed: Only part of a ReadProcessMemory or WriteProcessMemory request was completed. (0x12B)
[0512/180915.836:WARNING:pe_image_reader.cc(340)] could not read dos header from C:\WINDOWS\SYSTEM32\CRYPTBASE.DLL
[0512/180915.862:ERROR:process_memory_win.cc(73)] ReadMemory at 0x15ddea000 of 90112 bytes failed: Only part of a ReadProcessMemory or WriteProcessMemory request was completed. (0x12B)
[0512/180915.863:ERROR:process_memory_win.cc(73)] ReadMemory at 0x15e5fd000 of 12288 bytes failed: Only part of a ReadProcessMemory or WriteProcessMemory request was completed. (0x12B)
[0512/180915.863:ERROR:process_memory_win.cc(73)] ReadMemory at 0x15f5fc000 of 16384 bytes failed: Only part of a ReadProcessMemory or WriteProcessMemory request was completed. (0x12B)
[0512/180915.864:ERROR:process_memory_win.cc(73)] ReadMemory at 0x15fdfc000 of 16384 bytes failed: Only part of a ReadProcessMemory or WriteProcessMemory request was completed. (0x12B)
[0512/180915.864:ERROR:process_memory_win.cc(73)] ReadMemory at 0x1605fe000 of 8192 bytes failed: Only part of a ReadProcessMemory or WriteProcessMemory request was completed. (0x12B)
[0512/180915.864:ERROR:process_memory_win.cc(73)] ReadMemory at 0x160dfd000 of 12288 bytes failed: Only part of a ReadProcessMemory or WriteProcessMemory request was completed. (0x12B)
[0512/180915.865:ERROR:process_memory_win.cc(73)] ReadMemory at 0x1615fb000 of 20480 bytes failed: Only part of a ReadProcessMemory or WriteProcessMemory request was completed. (0x12B)
[0512/180915.865:ERROR:process_memory_win.cc(73)] ReadMemory at 0x161dfd000 of 12288 bytes failed: Only part of a ReadProcessMemory or WriteProcessMemory request was completed. (0x12B)
[0512/180915.865:ERROR:process_memory_win.cc(73)] ReadMemory at 0x1625f6000 of 40960 bytes failed: Only part of a ReadProcessMemory or WriteProcessMemory request was completed. (0x12B)
[0512/180915.865:ERROR:process_memory_win.cc(73)] ReadMemory at 0x162df6000 of 40960 bytes failed: Only part of a ReadProcessMemory or WriteProcessMemory request was completed. (0x12B)
[0512/180915.866:ERROR:process_memory_win.cc(73)] ReadMemory at 0x1635fd000 of 12288 bytes failed: Only part of a ReadProcessMemory or WriteProcessMemory request was completed. (0x12B)
[0512/180915.866:ERROR:process_memory_win.cc(73)] ReadMemory at 0x163dfd000 of 12288 bytes failed: Only part of a ReadProcessMemory or WriteProcessMemory request was completed. (0x12B)
[0512/180915.866:ERROR:process_memory_win.cc(73)] ReadMemory at 0x15edfd000 of 12288 bytes failed: Only part of a ReadProcessMemory or WriteProcessMemory request was completed. (0x12B)
[0512/180915.866:ERROR:process_memory_win.cc(73)] ReadMemory at 0x1645fe000 of 8192 bytes failed: Only part of a ReadProcessMemory or WriteProcessMemory request was completed. (0x12B)
[0512/180915.866:ERROR:process_memory_win.cc(73)] ReadMemory at 0x15d4da000 of 6024 bytes failed: Only part of a ReadProcessMemory or WriteProcessMemory request was completed. (0x12B)
[0512/180915.867:ERROR:process_memory_win.cc(73)] ReadMemory at 0x15d4ee000 of 6024 bytes failed: Only part of a ReadProcessMemory or WriteProcessMemory request was completed. (0x12B)
[0512/180915.867:ERROR:process_memory_win.cc(73)] ReadMemory at 0x15d5cb000 of 852 bytes failed: Only part of a ReadProcessMemory or WriteProcessMemory request was completed. (0x12B)
[0512/180915.867:ERROR:process_memory_win.cc(73)] ReadMemory at 0x15d5cc000 of 6024 bytes failed: Only part of a ReadProcessMemory or WriteProcessMemory request was completed. (0x12B)
[0512/180915.867:ERROR:process_memory_win.cc(73)] ReadMemory at 0x15d5ce000 of 6024 bytes failed: Only part of a ReadProcessMemory or WriteProcessMemory request was completed. (0x12B)
[0512/180915.867:ERROR:process_memory_win.cc(73)] ReadMemory at 0x15d5d2000 of 6024 bytes failed: Only part of a ReadProcessMemory or WriteProcessMemory request was completed. (0x12B)
[0512/180915.868:ERROR:process_memory_win.cc(73)] ReadMemory at 0x15d5d4000 of 6024 bytes failed: Only part of a ReadProcessMemory or WriteProcessMemory request was completed. (0x12B)
[0512/180915.868:ERROR:process_memory_win.cc(73)] ReadMemory at 0x15d5d6000 of 6024 bytes failed: Only part of a ReadProcessMemory or WriteProcessMemory request was completed. (0x12B)
[0512/180915.869:ERROR:process_memory_win.cc(73)] ReadMemory at 0x15d5d8000 of 6024 bytes failed: Only part of a ReadProcessMemory or WriteProcessMemory request was completed. (0x12B)
[0512/180915.869:ERROR:process_memory_win.cc(73)] ReadMemory at 0x15d5da000 of 6024 bytes failed: Only part of a ReadProcessMemory or WriteProcessMemory request was completed. (0x12B)
[0512/180915.869:ERROR:process_memory_win.cc(73)] ReadMemory at 0x15d5dc000 of 6024 bytes failed: Only part of a ReadProcessMemory or WriteProcessMemory request was completed. (0x12B)
[0512/180915.869:ERROR:process_memory_win.cc(73)] ReadMemory at 0x15d5de000 of 6024 bytes failed: Only part of a ReadProcessMemory or WriteProcessMemory request was completed. (0x12B)
[0512/180915.869:ERROR:process_memory_win.cc(73)] ReadMemory at 0x15d5e0000 of 6024 bytes failed: Only part of a ReadProcessMemory or WriteProcessMemory request was completed. (0x12B)
[0512/180915.870:ERROR:process_memory_win.cc(73)] ReadMemory at 0x15d5e2000 of 6024 bytes failed: Only part of a ReadProcessMemory or WriteProcessMemory request was completed. (0x12B)
[0512/180915.870:ERROR:process_memory_win.cc(73)] ReadMemory at 0x15d5ea000 of 6024 bytes failed: Only part of a ReadProcessMemory or WriteProcessMemory request was completed. (0x12B)
[0512/180915.870:ERROR:process_memory_win.cc(73)] ReadMemory at 0x14212410750 of 80 bytes failed: Only part of a ReadProcessMemory or WriteProcessMemory request was completed. (0x12B)
[0512/180915.870:ERROR:process_memory_win.cc(73)] ReadMemory at 0x14212410fe0 of 18788 bytes failed: Only part of a ReadProcessMemory or WriteProcessMemory request was completed. (0x12B)
[0512/180915.870:ERROR:process_memory_win.cc(73)] ReadMemory at 0x14212415950 of 1012 bytes failed: Only part of a ReadProcessMemory or WriteProcessMemory request was completed. (0x12B)
[0512/180915.871:ERROR:process_memory_win.cc(73)] ReadMemory at 0x14212415f98 of 118 bytes failed: Only part of a ReadProcessMemory or WriteProcessMemory request was completed. (0x12B)
[0512/180915.871:ERROR:process_memory_win.cc(73)] ReadMemory at 0x14212416010 of 870 bytes failed: Only part of a ReadProcessMemory or WriteProcessMemory request was completed. (0x12B)
[0512/180915.871:ERROR:process_memory_win.cc(73)] ReadMemory at 0x14212416378 of 118 bytes failed: Only part of a ReadProcessMemory or WriteProcessMemory request was completed. (0x12B)
[0512/180915.871:ERROR:process_memory_win.cc(73)] ReadMemory at 0x142124163f0 of 102 bytes failed: Only part of a ReadProcessMemory or WriteProcessMemory request was completed. (0x12B)
[0512/180915.871:ERROR:process_memory_win.cc(73)] ReadMemory at 0x14212416470 of 58 bytes failed: Only part of a ReadProcessMemory or WriteProcessMemory request was completed. (0x12B)
[0512/180915.871:ERROR:process_memory_win.cc(73)] ReadMemory at 0x14212416570 of 132 bytes failed: Only part of a ReadProcessMemory or WriteProcessMemory request was completed. (0x12B)
[0512/180915.872:ERROR:process_memory_win.cc(73)] ReadMemory at 0x14212416700 of 132 bytes failed: Only part of a ReadProcessMemory or WriteProcessMemory request was completed. (0x12B)
[0512/180915.872:ERROR:process_memory_win.cc(73)] ReadMemory at 0x142124168c0 of 126 bytes failed: Only part of a ReadProcessMemory or WriteProcessMemory request was completed. (0x12B)
[0512/180915.872:ERROR:process_memory_win.cc(73)] ReadMemory at 0x14212416ca0 of 132 bytes failed: Only part of a ReadProcessMemory or WriteProcessMemory request was completed. (0x12B)
[0512/180915.872:ERROR:process_memory_win.cc(73)] ReadMemory at 0x14212416e30 of 64 bytes failed: Only part of a ReadProcessMemory or WriteProcessMemory request was completed. (0x12B)
[0512/180915.872:ERROR:process_memory_win.cc(73)] ReadMemory at 0x14212416ff0 of 132 bytes failed: Only part of a ReadProcessMemory or WriteProcessMemory request was completed. (0x12B)
[0512/180915.873:ERROR:process_memory_win.cc(73)] ReadMemory at 0x14212417290 of 132 bytes failed: Only part of a ReadProcessMemory or WriteProcessMemory request was completed. (0x12B)
[0512/180915.873:ERROR:process_memory_win.cc(73)] ReadMemory at 0x14212417420 of 68 bytes failed: Only part of a ReadProcessMemory or WriteProcessMemory request was completed. (0x12B)
[0512/180915.873:ERROR:process_memory_win.cc(73)] ReadMemory at 0x14212418520 of 132 bytes failed: Only part of a ReadProcessMemory or WriteProcessMemory request was completed. (0x12B)
[0512/180915.873:ERROR:process_memory_win.cc(73)] ReadMemory at 0x142124186b0 of 154 bytes failed: Only part of a ReadProcessMemory or WriteProcessMemory request was completed. (0x12B)
[0512/180915.873:ERROR:process_memory_win.cc(73)] ReadMemory at 0x142124194d0 of 62 bytes failed: Only part of a ReadProcessMemory or WriteProcessMemory request was completed. (0x12B)
[0512/180915.873:ERROR:process_memory_win.cc(73)] ReadMemory at 0x14212419550 of 146 bytes failed: Only part of a ReadProcessMemory or WriteProcessMemory request was completed. (0x12B)
[0512/180915.874:ERROR:process_memory_win.cc(73)] ReadMemory at 0x14212419630 of 132 bytes failed: Only part of a ReadProcessMemory or WriteProcessMemory request was completed. (0x12B)
[0512/180915.874:ERROR:process_memory_win.cc(73)] ReadMemory at 0x142124197c0 of 60 bytes failed: Only part of a ReadProcessMemory or WriteProcessMemory request was completed. (0x12B)
[0512/180915.874:ERROR:process_memory_win.cc(73)] ReadMemory at 0x1421241b190 of 132 bytes failed: Only part of a ReadProcessMemory or WriteProcessMemory request was completed. (0x12B)
[0512/180915.874:ERROR:process_memory_win.cc(73)] ReadMemory at 0x1421241b3a0 of 132 bytes failed: Only part of a ReadProcessMemory or WriteProcessMemory request was completed. (0x12B)
[0512/180915.874:ERROR:process_memory_win.cc(73)] ReadMemory at 0x1421241bde0 of 132 bytes failed: Only part of a ReadProcessMemory or WriteProcessMemory request was completed. (0x12B)
[0512/180915.874:ERROR:process_memory_win.cc(73)] ReadMemory at 0x1421241ed80 of 60 bytes failed: Only part of a ReadProcessMemory or WriteProcessMemory request was completed. (0x12B)
[0512/180915.875:ERROR:process_memory_win.cc(73)] ReadMemory at 0x1421241edd0 of 64 bytes failed: Only part of a ReadProcessMemory or WriteProcessMemory request was completed. (0x12B)
[0512/180915.875:ERROR:process_memory_win.cc(73)] ReadMemory at 0x1421241ef10 of 66 bytes failed: Only part of a ReadProcessMemory or WriteProcessMemory request was completed. (0x12B)
[0512/180915.875:ERROR:process_memory_win.cc(73)] ReadMemory at 0x1421241ef60 of 62 bytes failed: Only part of a ReadProcessMemory or WriteProcessMemory request was completed. (0x12B)
[0512/180915.875:ERROR:process_memory_win.cc(73)] ReadMemory at 0x1421241efb0 of 64 bytes failed: Only part of a ReadProcessMemory or WriteProcessMemory request was completed. (0x12B)
[0512/180915.875:ERROR:process_memory_win.cc(73)] ReadMemory at 0x1421241f230 of 60 bytes failed: Only part of a ReadProcessMemory or WriteProcessMemory request was completed. (0x12B)
[0512/180915.875:ERROR:process_memory_win.cc(73)] ReadMemory at 0x1421241f280 of 64 bytes failed: Only part of a ReadProcessMemory or WriteProcessMemory request was completed. (0x12B)
[0512/180915.875:ERROR:process_memory_win.cc(73)] ReadMemory at 0x1421241f2d0 of 62 bytes failed: Only part of a ReadProcessMemory or WriteProcessMemory request was completed. (0x12B)
[0512/180915.876:ERROR:process_memory_win.cc(73)] ReadMemory at 0x1421241f320 of 64 bytes failed: Only part of a ReadProcessMemory or WriteProcessMemory request was completed. (0x12B)
[0512/180915.876:ERROR:process_memory_win.cc(73)] ReadMemory at 0x14212421300 of 132 bytes failed: Only part of a ReadProcessMemory or WriteProcessMemory request was completed. (0x12B)
[0512/180915.876:ERROR:process_memory_win.cc(73)] ReadMemory at 0x14212421430 of 132 bytes failed: Only part of a ReadProcessMemory or WriteProcessMemory request was completed. (0x12B)
[0512/180915.876:ERROR:process_memory_win.cc(73)] ReadMemory at 0x14212421560 of 132 bytes failed: Only part of a ReadProcessMemory or WriteProcessMemory request was completed. (0x12B)
[0512/180915.876:ERROR:process_memory_win.cc(73)] ReadMemory at 0x14212421690 of 132 bytes failed: Only part of a ReadProcessMemory or WriteProcessMemory request was completed. (0x12B)
[0512/180915.876:ERROR:process_memory_win.cc(73)] ReadMemory at 0x142124217c0 of 132 bytes failed: Only part of a ReadProcessMemory or WriteProcessMemory request was completed. (0x12B)
[0512/180915.877:ERROR:process_memory_win.cc(73)] ReadMemory at 0x14212423460 of 76 bytes failed: Only part of a ReadProcessMemory or WriteProcessMemory request was completed. (0x12B)
[0512/180915.877:ERROR:process_memory_win.cc(73)] ReadMemory at 0x14212423700 of 80 bytes failed: Only part of a ReadProcessMemory or WriteProcessMemory request was completed. (0x12B)
[0512/180915.877:ERROR:process_memory_win.cc(73)] ReadMemory at 0x14212424d20 of 132 bytes failed: Only part of a ReadProcessMemory or WriteProcessMemory request was completed. (0x12B)
[0512/180915.877:ERROR:process_memory_win.cc(73)] ReadMemory at 0x14212424f90 of 54 bytes failed: Only part of a ReadProcessMemory or WriteProcessMemory request was completed. (0x12B)
[0512/180915.877:ERROR:process_memory_win.cc(73)] ReadMemory at 0x14212429220 of 132 bytes failed: Only part of a ReadProcessMemory or WriteProcessMemory request was completed. (0x12B)
[0512/180915.877:ERROR:process_memory_win.cc(73)] ReadMemory at 0x14212429350 of 132 bytes failed: Only part of a ReadProcessMemory or WriteProcessMemory request was completed. (0x12B)
[0512/180915.877:ERROR:process_memory_win.cc(73)] ReadMemory at 0x142124298b0 of 132 bytes failed: Only part of a ReadProcessMemory or WriteProcessMemory request was completed. (0x12B)
[0512/180915.878:ERROR:process_memory_win.cc(73)] ReadMemory at 0x14212429ad0 of 132 bytes failed: Only part of a ReadProcessMemory or WriteProcessMemory request was completed. (0x12B)
[0512/180915.878:ERROR:process_memory_win.cc(73)] ReadMemory at 0x14212429cf0 of 132 bytes failed: Only part of a ReadProcessMemory or WriteProcessMemory request was completed. (0x12B)
[0512/180915.878:ERROR:process_memory_win.cc(73)] ReadMemory at 0x1421242bc40 of 132 bytes failed: Only part of a ReadProcessMemory or WriteProcessMemory request was completed. (0x12B)
[0512/180915.878:ERROR:process_memory_win.cc(73)] ReadMemory at 0x1421242bfe0 of 132 bytes failed: Only part of a ReadProcessMemory or WriteProcessMemory request was completed. (0x12B)
[0512/180915.878:ERROR:process_memory_win.cc(73)] ReadMemory at 0x1421242c110 of 132 bytes failed: Only part of a ReadProcessMemory or WriteProcessMemory request was completed. (0x12B)
[0512/180915.878:ERROR:process_memory_win.cc(73)] ReadMemory at 0x1421242c240 of 132 bytes failed: Only part of a ReadProcessMemory or WriteProcessMemory request was completed. (0x12B)
[0512/180915.879:ERROR:process_memory_win.cc(73)] ReadMemory at 0x1421242c370 of 132 bytes failed: Only part of a ReadProcessMemory or WriteProcessMemory request was completed. (0x12B)
[0512/180915.879:ERROR:process_memory_win.cc(73)] ReadMemory at 0x1421242c5d0 of 132 bytes failed: Only part of a ReadProcessMemory or WriteProcessMemory request was completed. (0x12B)
[0512/180915.879:ERROR:process_memory_win.cc(73)] ReadMemory at 0x1421242cbc0 of 132 bytes failed: Only part of a ReadProcessMemory or WriteProcessMemory request was completed. (0x12B)
[0512/180915.879:ERROR:process_memory_win.cc(73)] ReadMemory at 0x1421242ccf0 of 132 bytes failed: Only part of a ReadProcessMemory or WriteProcessMemory request was completed. (0x12B)
[0512/180915.879:ERROR:process_memory_win.cc(73)] ReadMemory at 0x1421242ce20 of 132 bytes failed: Only part of a ReadProcessMemory or WriteProcessMemory request was completed. (0x12B)
[0512/180915.879:ERROR:process_memory_win.cc(73)] ReadMemory at 0x1421242cf50 of 132 bytes failed: Only part of a ReadProcessMemory or WriteProcessMemory request was completed. (0x12B)
[0512/180915.879:ERROR:process_memory_win.cc(73)] ReadMemory at 0x1421242d080 of 132 bytes failed: Only part of a ReadProcessMemory or WriteProcessMemory request was completed. (0x12B)
[0512/180915.880:ERROR:process_memory_win.cc(73)] ReadMemory at 0x1421242d1b0 of 132 bytes failed: Only part of a ReadProcessMemory or WriteProcessMemory request was completed. (0x12B)
[0512/180915.880:ERROR:process_memory_win.cc(73)] ReadMemory at 0x1421242d670 of 132 bytes failed: Only part of a ReadProcessMemory or WriteProcessMemory request was completed. (0x12B)
[0512/180915.880:ERROR:process_memory_win.cc(73)] ReadMemory at 0x1421242d8d0 of 132 bytes failed: Only part of a ReadProcessMemory or WriteProcessMemory request was completed. (0x12B)
[0512/180915.880:ERROR:process_memory_win.cc(73)] ReadMemory at 0x1421242da00 of 132 bytes failed: Only part of a ReadProcessMemory or WriteProcessMemory request was completed. (0x12B)
[0512/180915.880:ERROR:process_memory_win.cc(73)] ReadMemory at 0x1421242db30 of 132 bytes failed: Only part of a ReadProcessMemory or WriteProcessMemory request was completed. (0x12B)
[0512/180915.880:ERROR:process_memory_win.cc(73)] ReadMemory at 0x1421242dc60 of 132 bytes failed: Only part of a ReadProcessMemory or WriteProcessMemory request was completed. (0x12B)
[0512/180915.881:ERROR:process_memory_win.cc(73)] ReadMemory at 0x1421242dd90 of 132 bytes failed: Only part of a ReadProcessMemory or WriteProcessMemory request was completed. (0x12B)
[0512/180915.881:ERROR:process_memory_win.cc(73)] ReadMemory at 0x1421242e130 of 64 bytes failed: Only part of a ReadProcessMemory or WriteProcessMemory request was completed. (0x12B)
[0512/180915.881:ERROR:process_memory_win.cc(73)] ReadMemory at 0x1421242e180 of 64 bytes failed: Only part of a ReadProcessMemory or WriteProcessMemory request was completed. (0x12B)
[0512/180915.881:ERROR:process_memory_win.cc(73)] ReadMemory at 0x1421242e1d0 of 62 bytes failed: Only part of a ReadProcessMemory or WriteProcessMemory request was completed. (0x12B)
[0512/180915.881:ERROR:process_memory_win.cc(73)] ReadMemory at 0x1421242e270 of 60 bytes failed: Only part of a ReadProcessMemory or WriteProcessMemory request was completed. (0x12B)
[0512/180915.881:ERROR:process_memory_win.cc(73)] ReadMemory at 0x1421242e310 of 62 bytes failed: Only part of a ReadProcessMemory or WriteProcessMemory request was completed. (0x12B)
[0512/180915.882:ERROR:process_memory_win.cc(73)] ReadMemory at 0x1421242e360 of 64 bytes failed: Only part of a ReadProcessMemory or WriteProcessMemory request was completed. (0x12B)
[0512/180915.882:ERROR:process_memory_win.cc(73)] ReadMemory at 0x1421242e3b0 of 64 bytes failed: Only part of a ReadProcessMemory or WriteProcessMemory request was completed. (0x12B)
[0512/180915.882:ERROR:process_memory_win.cc(73)] ReadMemory at 0x1421242e400 of 62 bytes failed: Only part of a ReadProcessMemory or WriteProcessMemory request was completed. (0x12B)
[0512/180915.882:ERROR:process_memory_win.cc(73)] ReadMemory at 0x1421242e450 of 62 bytes failed: Only part of a ReadProcessMemory or WriteProcessMemory request was completed. (0x12B)
[0512/180915.882:ERROR:process_memory_win.cc(73)] ReadMemory at 0x1421242e4a0 of 66 bytes failed: Only part of a ReadProcessMemory or WriteProcessMemory request was completed. (0x12B)
[0512/180915.882:ERROR:process_memory_win.cc(73)] ReadMemory at 0x1421242e4f0 of 60 bytes failed: Only part of a ReadProcessMemory or WriteProcessMemory request was completed. (0x12B)
[0512/180915.882:ERROR:process_memory_win.cc(73)] ReadMemory at 0x1421242e540 of 62 bytes failed: Only part of a ReadProcessMemory or WriteProcessMemory request was completed. (0x12B)
[0512/180915.883:ERROR:process_memory_win.cc(73)] ReadMemory at 0x1421242e5e0 of 60 bytes failed: Only part of a ReadProcessMemory or WriteProcessMemory request was completed. (0x12B)
[0512/180915.883:ERROR:process_memory_win.cc(73)] ReadMemory at 0x1421242e860 of 62 bytes failed: Only part of a ReadProcessMemory or WriteProcessMemory request was completed. (0x12B)
[0512/180915.883:ERROR:process_memory_win.cc(73)] ReadMemory at 0x1421242e8b0 of 62 bytes failed: Only part of a ReadProcessMemory or WriteProcessMemory request was completed. (0x12B)
[0512/180915.883:ERROR:process_memory_win.cc(73)] ReadMemory at 0x1421242e900 of 60 bytes failed: Only part of a ReadProcessMemory or WriteProcessMemory request was completed. (0x12B)
[0512/180915.883:ERROR:process_memory_win.cc(73)] ReadMemory at 0x1421242eb80 of 62 bytes failed: Only part of a ReadProcessMemory or WriteProcessMemory request was completed. (0x12B)
[0512/180915.884:ERROR:process_memory_win.cc(73)] ReadMemory at 0x1421242ed60 of 58 bytes failed: Only part of a ReadProcessMemory or WriteProcessMemory request was completed. (0x12B)
[0512/180915.884:ERROR:process_memory_win.cc(73)] ReadMemory at 0x14212443bd0 of 512 bytes failed: Only part of a ReadProcessMemory or WriteProcessMemory request was completed. (0x12B)
[0512/180915.884:ERROR:process_memory_win.cc(73)] ReadMemory at 0x14212444960 of 512 bytes failed: Only part of a ReadProcessMemory or WriteProcessMemory request was completed. (0x12B)
[0512/180915.884:ERROR:process_memory_win.cc(73)] ReadMemory at 0x14212582980 of 512 bytes failed: Only part of a ReadProcessMemory or WriteProcessMemory request was completed. (0x12B)
[0512/180915.884:ERROR:process_memory_win.cc(73)] ReadMemory at 0x14212b82c10 of 512 bytes failed: Only part of a ReadProcessMemory or WriteProcessMemory request was completed. (0x12B)
[0512/180915.885:ERROR:process_memory_win.cc(73)] ReadMemory at 0x14212b82ec0 of 512 bytes failed: Only part of a ReadProcessMemory or WriteProcessMemory request was completed. (0x12B)
[0512/180915.885:ERROR:process_memory_win.cc(73)] ReadMemory at 0x14212b840c0 of 512 bytes failed: Only part of a ReadProcessMemory or WriteProcessMemory request was completed. (0x12B)
[0512/180915.885:ERROR:process_memory_win.cc(73)] ReadMemory at 0x14212b99660 of 712 bytes failed: Only part of a ReadProcessMemory or WriteProcessMemory request was completed. (0x12B)
[0512/180915.885:ERROR:process_memory_win.cc(73)] ReadMemory at 0x142141aa4c8 of 512 bytes failed: Only part of a ReadProcessMemory or WriteProcessMemory request was completed. (0x12B)
[0512/180915.885:ERROR:process_memory_win.cc(73)] ReadMemory at 0x14214208530 of 512 bytes failed: Only part of a ReadProcessMemory or WriteProcessMemory request was completed. (0x12B)
[0512/180915.885:ERROR:process_memory_win.cc(73)] ReadMemory at 0x1421420b2d0 of 512 bytes failed: Only part of a ReadProcessMemory or WriteProcessMemory request was completed. (0x12B)
[0512/180915.885:ERROR:process_memory_win.cc(73)] ReadMemory at 0x142148d9fd0 of 512 bytes failed: Only part of a ReadProcessMemory or WriteProcessMemory request was completed. (0x12B)
[0512/180915.886:ERROR:process_memory_win.cc(73)] ReadMemory at 0x14214bce170 of 512 bytes failed: Only part of a ReadProcessMemory or WriteProcessMemory request was completed. (0x12B)
[0512/180915.886:ERROR:process_memory_win.cc(73)] ReadMemory at 0x142157ad3b0 of 512 bytes failed: Only part of a ReadProcessMemory or WriteProcessMemory request was completed. (0x12B)
[0512/180915.886:ERROR:process_memory_win.cc(73)] ReadMemory at 0x14216172e80 of 512 bytes failed: Only part of a ReadProcessMemory or WriteProcessMemory request was completed. (0x12B)
[0512/180915.886:ERROR:process_memory_win.cc(73)] ReadMemory at 0x1421642ec60 of 512 bytes failed: Only part of a ReadProcessMemory or WriteProcessMemory request was completed. (0x12B)
[0512/180915.886:ERROR:process_memory_win.cc(73)] ReadMemory at 0x7ffdbbaee464 of 512 bytes failed: Only part of a ReadProcessMemory or WriteProcessMemory request was completed. (0x12B)
[0512/180915.886:ERROR:process_memory_win.cc(73)] ReadMemory at 0x7ffdc0859fa2 of 512 bytes failed: Only part of a ReadProcessMemory or WriteProcessMemory request was completed. (0x12B)
[0512/180915.886:ERROR:process_memory_win.cc(73)] ReadMemory at 0x7ffdf4f17a55 of 512 bytes failed: Only part of a ReadProcessMemory or WriteProcessMemory request was completed. (0x12B)
[0512/180915.887:ERROR:process_memory_win.cc(73)] ReadMemory at 0x7ffdf4f18245 of 512 bytes failed: Only part of a ReadProcessMemory or WriteProcessMemory request was completed. (0x12B)
[0512/180915.887:ERROR:process_memory_win.cc(73)] ReadMemory at 0x7ffe0495c0c4 of 672 bytes failed: Only part of a ReadProcessMemory or WriteProcessMemory request was completed. (0x12B)
[0512/180915.887:ERROR:process_memory_win.cc(73)] ReadMemory at 0x7ffe0495f974 of 608 bytes failed: Only part of a ReadProcessMemory or WriteProcessMemory request was completed. (0x12B)
[0512/180915.887:ERROR:process_memory_win.cc(73)] ReadMemory at 0x7ffe049ec428 of 18 bytes failed: Only part of a ReadProcessMemory or WriteProcessMemory request was completed. (0x12B)
[0512/180915.887:ERROR:process_memory_win.cc(73)] ReadMemory at 0x7ffe04a1f4f8 of 40 bytes failed: Only part of a ReadProcessMemory or WriteProcessMemory request was completed. (0x12B)
[0512/180915.887:ERROR:process_memory_win.cc(73)] ReadMemory at 0x7ffe04a1f978 of 48 bytes failed: Only part of a ReadProcessMemory or WriteProcessMemory request was completed. (0x12B)
[0512/180915.888:ERROR:process_memory_win.cc(73)] ReadMemory at 0x7ffe04a253c0 of 64 bytes failed: Only part of a ReadProcessMemory or WriteProcessMemory request was completed. (0x12B)
[0512/180915.896:ERROR:scoped_process_suspend.cc(40)] NtResumeProcess: An attempt was made to access an exiting process. (0xc000010a)
[0513/133730.612:ERROR:process_memory_win.cc(73)] ReadMemory at 0x1509f9cc8e0 of 72 bytes failed: Only part of a ReadProcessMemory or WriteProcessMemory request was completed. (0x12B)
[0513/133730.656:WARNING:pe_image_annotations_reader.cc(134)] could not read annotations list object in C:\Program Files (x86)\Google\Chrome\Application\81.0.4044.138\chrome_elf.dll
[0513/133730.657:ERROR:process_memory_win.cc(73)] ReadMemory at 0x150a0158910 of 72 bytes failed: Only part of a ReadProcessMemory or WriteProcessMemory request was completed. (0x12B)
[0513/133730.657:WARNING:pe_image_annotations_reader.cc(134)] could not read annotations list object in C:\Program Files (x86)\Google\Chrome\Application\81.0.4044.138\chrome.dll
[0513/133730.657:ERROR:process_memory_win.cc(73)] ReadMemory at 0x1509ffa0000 of 64 bytes failed: Only part of a ReadProcessMemory or WriteProcessMemory request was completed. (0x12B)
[0513/133730.657:WARNING:pe_image_reader.cc(340)] could not read dos header from C:\WINDOWS\System32\WS2_32.dll
[0513/133730.777:ERROR:process_memory_win.cc(73)] ReadMemory at 0x1509f9cc8e0 of 72 bytes failed: Only part of a ReadProcessMemory or WriteProcessMemory request was completed. (0x12B)
[0513/133730.778:WARNING:pe_image_annotations_reader.cc(134)] could not read annotations list object in C:\Program Files (x86)\Google\Chrome\Application\81.0.4044.138\chrome_elf.dll
[0513/133730.780:ERROR:process_memory_win.cc(73)] ReadMemory at 0x150a0158910 of 72 bytes failed: Only part of a ReadProcessMemory or WriteProcessMemory request was completed. (0x12B)
[0513/133730.781:WARNING:pe_image_annotations_reader.cc(134)] could not read annotations list object in C:\Program Files (x86)\Google\Chrome\Application\81.0.4044.138\chrome.dll
[0513/133730.781:ERROR:process_memory_win.cc(73)] ReadMemory at 0x1509ffa0000 of 64 bytes failed: Only part of a ReadProcessMemory or WriteProcessMemory request was completed. (0x12B)
[0513/133730.781:WARNING:pe_image_reader.cc(340)] could not read dos header from C:\WINDOWS\System32\WS2_32.dll
[0513/133730.790:ERROR:process_memory_win.cc(73)] ReadMemory at 0x1509f9cc8e0 of 72 bytes failed: Only part of a ReadProcessMemory or WriteProcessMemory request was completed. (0x12B)
[0513/133730.790:WARNING:pe_image_annotations_reader.cc(134)] could not read annotations list object in C:\Program Files (x86)\Google\Chrome\Application\81.0.4044.138\chrome_elf.dll
[0513/133730.792:ERROR:process_memory_win.cc(73)] ReadMemory at 0x150a0158910 of 72 bytes failed: Only part of a ReadProcessMemory or WriteProcessMemory request was completed. (0x12B)
[0513/133730.792:WARNING:pe_image_annotations_reader.cc(134)] could not read annotations list object in C:\Program Files (x86)\Google\Chrome\Application\81.0.4044.138\chrome.dll
[0513/133730.793:ERROR:process_memory_win.cc(73)] ReadMemory at 0x1509ffa0000 of 64 bytes failed: Only part of a ReadProcessMemory or WriteProcessMemory request was completed. (0x12B)
[0513/133730.793:WARNING:pe_image_reader.cc(340)] could not read dos header from C:\WINDOWS\System32\WS2_32.dll
[0513/133730.896:ERROR:process_memory_win.cc(73)] ReadMemory at 0x184adec000 of 81920 bytes failed: Only part of a ReadProcessMemory or WriteProcessMemory request was completed. (0x12B)
[0513/133730.896:ERROR:process_memory_win.cc(73)] ReadMemory at 0x184b5fd000 of 12288 bytes failed: Only part of a ReadProcessMemory or WriteProcessMemory request was completed. (0x12B)
[0513/133730.896:ERROR:process_memory_win.cc(73)] ReadMemory at 0x184c5fd000 of 12288 bytes failed: Only part of a ReadProcessMemory or WriteProcessMemory request was completed. (0x12B)
[0513/133730.897:ERROR:process_memory_win.cc(73)] ReadMemory at 0x184cdfc000 of 16384 bytes failed: Only part of a ReadProcessMemory or WriteProcessMemory request was completed. (0x12B)
[0513/133730.916:ERROR:process_memory_win.cc(73)] ReadMemory at 0x184d5fe000 of 8192 bytes failed: Only part of a ReadProcessMemory or WriteProcessMemory request was completed. (0x12B)
[0513/133730.917:ERROR:process_memory_win.cc(73)] ReadMemory at 0x184ddfd000 of 12288 bytes failed: Only part of a ReadProcessMemory or WriteProcessMemory request was completed. (0x12B)
[0513/133730.917:ERROR:process_memory_win.cc(73)] ReadMemory at 0x184e5fb000 of 20480 bytes failed: Only part of a ReadProcessMemory or WriteProcessMemory request was completed. (0x12B)
[0513/133730.917:ERROR:process_memory_win.cc(73)] ReadMemory at 0x184f5fd000 of 12288 bytes failed: Only part of a ReadProcessMemory or WriteProcessMemory request was completed. (0x12B)
[0513/133730.918:ERROR:process_memory_win.cc(73)] ReadMemory at 0x184fdf6000 of 40960 bytes failed: Only part of a ReadProcessMemory or WriteProcessMemory request was completed. (0x12B)
[0513/133730.918:ERROR:process_memory_win.cc(73)] ReadMemory at 0x18505f6000 of 40960 bytes failed: Only part of a ReadProcessMemory or WriteProcessMemory request was completed. (0x12B)
[0513/133730.918:ERROR:process_memory_win.cc(73)] ReadMemory at 0x1850dfd000 of 12288 bytes failed: Only part of a ReadProcessMemory or WriteProcessMemory request was completed. (0x12B)
[0513/133730.918:ERROR:process_memory_win.cc(73)] ReadMemory at 0x184edfd000 of 12288 bytes failed: Only part of a ReadProcessMemory or WriteProcessMemory request was completed. (0x12B)
[0513/133730.918:ERROR:process_memory_win.cc(73)] ReadMemory at 0x18515fd000 of 12288 bytes failed: Only part of a ReadProcessMemory or WriteProcessMemory request was completed. (0x12B)
[0513/133730.918:ERROR:process_memory_win.cc(73)] ReadMemory at 0x184bdfe000 of 8192 bytes failed: Only part of a ReadProcessMemory or WriteProcessMemory request was completed. (0x12B)
[0513/133730.919:ERROR:process_memory_win.cc(73)] ReadMemory at 0x184a416000 of 6024 bytes failed: Only part of a ReadProcessMemory or WriteProcessMemory request was completed. (0x12B)
[0513/133730.919:ERROR:process_memory_win.cc(73)] ReadMemory at 0x184a418000 of 6024 bytes failed: Only part of a ReadProcessMemory or WriteProcessMemory request was completed. (0x12B)
[0513/133730.919:ERROR:process_memory_win.cc(73)] ReadMemory at 0x184a4c7000 of 852 bytes failed: Only part of a ReadProcessMemory or WriteProcessMemory request was completed. (0x12B)
[0513/133730.919:ERROR:process_memory_win.cc(73)] ReadMemory at 0x184a4c8000 of 6024 bytes failed: Only part of a ReadProcessMemory or WriteProcessMemory request was completed. (0x12B)
[0513/133730.919:ERROR:process_memory_win.cc(73)] ReadMemory at 0x184a4ca000 of 6024 bytes failed: Only part of a ReadProcessMemory or WriteProcessMemory request was completed. (0x12B)
[0513/133730.920:ERROR:process_memory_win.cc(73)] ReadMemory at 0x184a4ce000 of 6024 bytes failed: Only part of a ReadProcessMemory or WriteProcessMemory request was completed. (0x12B)
[0513/133730.920:ERROR:process_memory_win.cc(73)] ReadMemory at 0x184a4d0000 of 6024 bytes failed: Only part of a ReadProcessMemory or WriteProcessMemory request was completed. (0x12B)
[0513/133730.920:ERROR:process_memory_win.cc(73)] ReadMemory at 0x184a4d2000 of 6024 bytes failed: Only part of a ReadProcessMemory or WriteProcessMemory request was completed. (0x12B)
[0513/133730.920:ERROR:process_memory_win.cc(73)] ReadMemory at 0x184a4d4000 of 6024 bytes failed: Only part of a ReadProcessMemory or WriteProcessMemory request was completed. (0x12B)
[0513/133730.920:ERROR:process_memory_win.cc(73)] ReadMemory at 0x184a4d6000 of 6024 bytes failed: Only part of a ReadProcessMemory or WriteProcessMemory request was completed. (0x12B)
[0513/133730.920:ERROR:process_memory_win.cc(73)] ReadMemory at 0x184a4da000 of 6024 bytes failed: Only part of a ReadProcessMemory or WriteProcessMemory request was completed. (0x12B)
[0513/133730.920:ERROR:process_memory_win.cc(73)] ReadMemory at 0x184a4dc000 of 6024 bytes failed: Only part of a ReadProcessMemory or WriteProcessMemory request was completed. (0x12B)
[0513/133730.921:ERROR:process_memory_win.cc(73)] ReadMemory at 0x184a4de000 of 6024 bytes failed: Only part of a ReadProcessMemory or WriteProcessMemory request was completed. (0x12B)
[0513/133730.921:ERROR:process_memory_win.cc(73)] ReadMemory at 0x184a4e0000 of 6024 bytes failed: Only part of a ReadProcessMemory or WriteProcessMemory request was completed. (0x12B)
[0513/133730.921:ERROR:process_memory_win.cc(73)] ReadMemory at 0x184a4e2000 of 6024 bytes failed: Only part of a ReadProcessMemory or WriteProcessMemory request was completed. (0x12B)
[0513/133730.921:ERROR:process_memory_win.cc(73)] ReadMemory at 0x1509fa60750 of 80 bytes failed: Only part of a ReadProcessMemory or WriteProcessMemory request was completed. (0x12B)
[0513/133730.921:ERROR:process_memory_win.cc(73)] ReadMemory at 0x1509fa60fe0 of 18788 bytes failed: Only part of a ReadProcessMemory or WriteProcessMemory request was completed. (0x12B)
[0513/133730.922:ERROR:process_memory_win.cc(73)] ReadMemory at 0x1509fa65950 of 1012 bytes failed: Only part of a ReadProcessMemory or WriteProcessMemory request was completed. (0x12B)
[0513/133730.922:ERROR:process_memory_win.cc(73)] ReadMemory at 0x1509fa65f98 of 118 bytes failed: Only part of a ReadProcessMemory or WriteProcessMemory request was completed. (0x12B)
[0513/133730.922:ERROR:process_memory_win.cc(73)] ReadMemory at 0x1509fa66010 of 836 bytes failed: Only part of a ReadProcessMemory or WriteProcessMemory request was completed. (0x12B)
[0513/133730.922:ERROR:process_memory_win.cc(73)] ReadMemory at 0x1509fa66356 of 118 bytes failed: Only part of a ReadProcessMemory or WriteProcessMemory request was completed. (0x12B)
[0513/133730.922:ERROR:process_memory_win.cc(73)] ReadMemory at 0x1509fa663ce of 102 bytes failed: Only part of a ReadProcessMemory or WriteProcessMemory request was completed. (0x12B)
[0513/133730.922:ERROR:process_memory_win.cc(73)] ReadMemory at 0x1509fa66440 of 58 bytes failed: Only part of a ReadProcessMemory or WriteProcessMemory request was completed. (0x12B)
[0513/133730.922:ERROR:process_memory_win.cc(73)] ReadMemory at 0x1509fa66540 of 132 bytes failed: Only part of a ReadProcessMemory or WriteProcessMemory request was completed. (0x12B)
[0513/133730.923:ERROR:process_memory_win.cc(73)] ReadMemory at 0x1509fa666d0 of 132 bytes failed: Only part of a ReadProcessMemory or WriteProcessMemory request was completed. (0x12B)
[0513/133730.923:ERROR:process_memory_win.cc(73)] ReadMemory at 0x1509fa66890 of 126 bytes failed: Only part of a ReadProcessMemory or WriteProcessMemory request was completed. (0x12B)
[0513/133730.923:ERROR:process_memory_win.cc(73)] ReadMemory at 0x1509fa66c70 of 132 bytes failed: Only part of a ReadProcessMemory or WriteProcessMemory request was completed. (0x12B)
[0513/133730.923:ERROR:process_memory_win.cc(73)] ReadMemory at 0x1509fa66e00 of 64 bytes failed: Only part of a ReadProcessMemory or WriteProcessMemory request was completed. (0x12B)
[0513/133730.923:ERROR:process_memory_win.cc(73)] ReadMemory at 0x1509fa66fc0 of 132 bytes failed: Only part of a ReadProcessMemory or WriteProcessMemory request was completed. (0x12B)
[0513/133730.923:ERROR:process_memory_win.cc(73)] ReadMemory at 0x1509fa67260 of 132 bytes failed: Only part of a ReadProcessMemory or WriteProcessMemory request was completed. (0x12B)
[0513/133730.923:ERROR:process_memory_win.cc(73)] ReadMemory at 0x1509fa673f0 of 68 bytes failed: Only part of a ReadProcessMemory or WriteProcessMemory request was completed. (0x12B)
[0513/133730.924:ERROR:process_memory_win.cc(73)] ReadMemory at 0x1509fa684f0 of 132 bytes failed: Only part of a ReadProcessMemory or WriteProcessMemory request was completed. (0x12B)
[0513/133730.924:ERROR:process_memory_win.cc(73)] ReadMemory at 0x1509fa68680 of 154 bytes failed: Only part of a ReadProcessMemory or WriteProcessMemory request was completed. (0x12B)
[0513/133730.924:ERROR:process_memory_win.cc(73)] ReadMemory at 0x1509fa69490 of 62 bytes failed: Only part of a ReadProcessMemory or WriteProcessMemory request was completed. (0x12B)
[0513/133730.924:ERROR:process_memory_win.cc(73)] ReadMemory at 0x1509fa69510 of 146 bytes failed: Only part of a ReadProcessMemory or WriteProcessMemory request was completed. (0x12B)
[0513/133730.924:ERROR:process_memory_win.cc(73)] ReadMemory at 0x1509fa695f0 of 132 bytes failed: Only part of a ReadProcessMemory or WriteProcessMemory request was completed. (0x12B)
[0513/133730.924:ERROR:process_memory_win.cc(73)] ReadMemory at 0x1509fa69780 of 60 bytes failed: Only part of a ReadProcessMemory or WriteProcessMemory request was completed. (0x12B)
[0513/133730.925:ERROR:process_memory_win.cc(73)] ReadMemory at 0x1509fa6b100 of 132 bytes failed: Only part of a ReadProcessMemory or WriteProcessMemory request was completed. (0x12B)
[0513/133730.925:ERROR:process_memory_win.cc(73)] ReadMemory at 0x1509fa6b310 of 132 bytes failed: Only part of a ReadProcessMemory or WriteProcessMemory request was completed. (0x12B)
[0513/133730.925:ERROR:process_memory_win.cc(73)] ReadMemory at 0x1509fa6bda0 of 132 bytes failed: Only part of a ReadProcessMemory or WriteProcessMemory request was completed. (0x12B)
[0513/133730.925:ERROR:process_memory_win.cc(73)] ReadMemory at 0x1509fa6eca0 of 64 bytes failed: Only part of a ReadProcessMemory or WriteProcessMemory request was completed. (0x12B)
[0513/133730.925:ERROR:process_memory_win.cc(73)] ReadMemory at 0x1509fa6ecf0 of 60 bytes failed: Only part of a ReadProcessMemory or WriteProcessMemory request was completed. (0x12B)
[0513/133730.925:ERROR:process_memory_win.cc(73)] ReadMemory at 0x1509fa6ef70 of 60 bytes failed: Only part of a ReadProcessMemory or WriteProcessMemory request was completed. (0x12B)
[0513/133730.925:ERROR:process_memory_win.cc(73)] ReadMemory at 0x1509fa6f010 of 66 bytes failed: Only part of a ReadProcessMemory or WriteProcessMemory request was completed. (0x12B)
[0513/133730.925:ERROR:process_memory_win.cc(73)] ReadMemory at 0x1509fa6f150 of 64 bytes failed: Only part of a ReadProcessMemory or WriteProcessMemory request was completed. (0x12B)
[0513/133730.926:ERROR:process_memory_win.cc(73)] ReadMemory at 0x1509fa6f1a0 of 62 bytes failed: Only part of a ReadProcessMemory or WriteProcessMemory request was completed. (0x12B)
[0513/133730.926:ERROR:process_memory_win.cc(73)] ReadMemory at 0x1509fa6f1f0 of 62 bytes failed: Only part of a ReadProcessMemory or WriteProcessMemory request was completed. (0x12B)
[0513/133730.926:ERROR:process_memory_win.cc(73)] ReadMemory at 0x1509fa6f240 of 64 bytes failed: Only part of a ReadProcessMemory or WriteProcessMemory request was completed. (0x12B)
[0513/133730.926:ERROR:process_memory_win.cc(73)] ReadMemory at 0x1509fa6f290 of 64 bytes failed: Only part of a ReadProcessMemory or WriteProcessMemory request was completed. (0x12B)
[0513/133730.927:ERROR:process_memory_win.cc(73)] ReadMemory at 0x1509fa712c0 of 132 bytes failed: Only part of a ReadProcessMemory or WriteProcessMemory request was completed. (0x12B)
[0513/133730.927:ERROR:process_memory_win.cc(73)] ReadMemory at 0x1509fa71520 of 132 bytes failed: Only part of a ReadProcessMemory or WriteProcessMemory request was completed. (0x12B)
[0513/133730.927:ERROR:process_memory_win.cc(73)] ReadMemory at 0x1509fa71650 of 132 bytes failed: Only part of a ReadProcessMemory or WriteProcessMemory request was completed. (0x12B)
[0513/133730.927:ERROR:process_memory_win.cc(73)] ReadMemory at 0x1509fa71780 of 132 bytes failed: Only part of a ReadProcessMemory or WriteProcessMemory request was completed. (0x12B)
[0513/133730.927:ERROR:process_memory_win.cc(73)] ReadMemory at 0x1509fa718b0 of 132 bytes failed: Only part of a ReadProcessMemory or WriteProcessMemory request was completed. (0x12B)
[0513/133730.927:ERROR:process_memory_win.cc(73)] ReadMemory at 0x1509fa734e0 of 80 bytes failed: Only part of a ReadProcessMemory or WriteProcessMemory request was completed. (0x12B)
[0513/133730.927:ERROR:process_memory_win.cc(73)] ReadMemory at 0x1509fa74200 of 76 bytes failed: Only part of a ReadProcessMemory or WriteProcessMemory request was completed. (0x12B)
[0513/133730.928:ERROR:process_memory_win.cc(73)] ReadMemory at 0x1509fa74ca0 of 132 bytes failed: Only part of a ReadProcessMemory or WriteProcessMemory request was completed. (0x12B)
[0513/133730.928:ERROR:process_memory_win.cc(73)] ReadMemory at 0x1509fa75190 of 54 bytes failed: Only part of a ReadProcessMemory or WriteProcessMemory request was completed. (0x12B)
[0513/133730.928:ERROR:process_memory_win.cc(73)] ReadMemory at 0x1509fa791e0 of 132 bytes failed: Only part of a ReadProcessMemory or WriteProcessMemory request was completed. (0x12B)
[0513/133730.928:ERROR:process_memory_win.cc(73)] ReadMemory at 0x1509fa79310 of 132 bytes failed: Only part of a ReadProcessMemory or WriteProcessMemory request was completed. (0x12B)
[0513/133730.928:ERROR:process_memory_win.cc(73)] ReadMemory at 0x1509fa79870 of 132 bytes failed: Only part of a ReadProcessMemory or WriteProcessMemory request was completed. (0x12B)
[0513/133730.928:ERROR:process_memory_win.cc(73)] ReadMemory at 0x1509fa79a90 of 132 bytes failed: Only part of a ReadProcessMemory or WriteProcessMemory request was completed. (0x12B)
[0513/133730.928:ERROR:process_memory_win.cc(73)] ReadMemory at 0x1509fa79cb0 of 132 bytes failed: Only part of a ReadProcessMemory or WriteProcessMemory request was completed. (0x12B)
[0513/133730.929:ERROR:process_memory_win.cc(73)] ReadMemory at 0x1509fa7bc40 of 132 bytes failed: Only part of a ReadProcessMemory or WriteProcessMemory request was completed. (0x12B)
[0513/133730.929:ERROR:process_memory_win.cc(73)] ReadMemory at 0x1509fa7c110 of 132 bytes failed: Only part of a ReadProcessMemory or WriteProcessMemory request was completed. (0x12B)
[0513/133730.929:ERROR:process_memory_win.cc(73)] ReadMemory at 0x1509fa7c5d0 of 132 bytes failed: Only part of a ReadProcessMemory or WriteProcessMemory request was completed. (0x12B)
[0513/133730.929:ERROR:process_memory_win.cc(73)] ReadMemory at 0x1509fa7c700 of 132 bytes failed: Only part of a ReadProcessMemory or WriteProcessMemory request was completed. (0x12B)
[0513/133730.929:ERROR:process_memory_win.cc(73)] ReadMemory at 0x1509fa7c960 of 132 bytes failed: Only part of a ReadProcessMemory or WriteProcessMemory request was completed. (0x12B)
[0513/133730.929:ERROR:process_memory_win.cc(73)] ReadMemory at 0x1509fa7ca90 of 132 bytes failed: Only part of a ReadProcessMemory or WriteProcessMemory request was completed. (0x12B)
[0513/133730.930:ERROR:process_memory_win.cc(73)] ReadMemory at 0x1509fa7cbc0 of 132 bytes failed: Only part of a ReadProcessMemory or WriteProcessMemory request was completed. (0x12B)
[0513/133730.930:ERROR:process_memory_win.cc(73)] ReadMemory at 0x1509fa7ccf0 of 132 bytes failed: Only part of a ReadProcessMemory or WriteProcessMemory request was completed. (0x12B)
[0513/133730.930:ERROR:process_memory_win.cc(73)] ReadMemory at 0x1509fa7ce20 of 132 bytes failed: Only part of a ReadProcessMemory or WriteProcessMemory request was completed. (0x12B)
[0513/133730.930:ERROR:process_memory_win.cc(73)] ReadMemory at 0x1509fa7d080 of 132 bytes failed: Only part of a ReadProcessMemory or WriteProcessMemory request was completed. (0x12B)
[0513/133730.930:ERROR:process_memory_win.cc(73)] ReadMemory at 0x1509fa7d2e0 of 132 bytes failed: Only part of a ReadProcessMemory or WriteProcessMemory request was completed. (0x12B)
[0513/133730.930:ERROR:process_memory_win.cc(73)] ReadMemory at 0x1509fa7d410 of 132 bytes failed: Only part of a ReadProcessMemory or WriteProcessMemory request was completed. (0x12B)
[0513/133730.931:ERROR:process_memory_win.cc(73)] ReadMemory at 0x1509fa7d540 of 132 bytes failed: Only part of a ReadProcessMemory or WriteProcessMemory request was completed. (0x12B)
[0513/133730.931:ERROR:process_memory_win.cc(73)] ReadMemory at 0x1509fa7d670 of 132 bytes failed: Only part of a ReadProcessMemory or WriteProcessMemory request was completed. (0x12B)
[0513/133730.931:ERROR:process_memory_win.cc(73)] ReadMemory at 0x1509fa7d7a0 of 132 bytes failed: Only part of a ReadProcessMemory or WriteProcessMemory request was completed. (0x12B)
[0513/133730.931:ERROR:process_memory_win.cc(73)] ReadMemory at 0x1509fa7d8d0 of 132 bytes failed: Only part of a ReadProcessMemory or WriteProcessMemory request was completed. (0x12B)
[0513/133730.931:ERROR:process_memory_win.cc(73)] ReadMemory at 0x1509fa7da00 of 132 bytes failed: Only part of a ReadProcessMemory or WriteProcessMemory request was completed. (0x12B)
[0513/133730.932:ERROR:process_memory_win.cc(73)] ReadMemory at 0x1509fa7dd90 of 132 bytes failed: Only part of a ReadProcessMemory or WriteProcessMemory request was completed. (0x12B)
[0513/133730.932:ERROR:process_memory_win.cc(73)] ReadMemory at 0x1509fa7e270 of 60 bytes failed: Only part of a ReadProcessMemory or WriteProcessMemory request was completed. (0x12B)
[0513/133730.932:ERROR:process_memory_win.cc(73)] ReadMemory at 0x1509fa7e2c0 of 60 bytes failed: Only part of a ReadProcessMemory or WriteProcessMemory request was completed. (0x12B)
[0513/133730.932:ERROR:process_memory_win.cc(73)] ReadMemory at 0x1509fa7e360 of 64 bytes failed: Only part of a ReadProcessMemory or WriteProcessMemory request was completed. (0x12B)
[0513/133730.932:ERROR:process_memory_win.cc(73)] ReadMemory at 0x1509fa7e400 of 66 bytes failed: Only part of a ReadProcessMemory or WriteProcessMemory request was completed. (0x12B)
[0513/133730.932:ERROR:process_memory_win.cc(73)] ReadMemory at 0x1509fa7e4a0 of 64 bytes failed: Only part of a ReadProcessMemory or WriteProcessMemory request was completed. (0x12B)
[0513/133730.932:ERROR:process_memory_win.cc(73)] ReadMemory at 0x1509fa7e680 of 60 bytes failed: Only part of a ReadProcessMemory or WriteProcessMemory request was completed. (0x12B)
[0513/133730.933:ERROR:process_memory_win.cc(73)] ReadMemory at 0x1509fa7e6d0 of 64 bytes failed: Only part of a ReadProcessMemory or WriteProcessMemory request was completed. (0x12B)
[0513/133730.933:ERROR:process_memory_win.cc(73)] ReadMemory at 0x1509fa7e900 of 62 bytes failed: Only part of a ReadProcessMemory or WriteProcessMemory request was completed. (0x12B)
[0513/133730.933:ERROR:process_memory_win.cc(73)] ReadMemory at 0x1509fa7e9a0 of 62 bytes failed: Only part of a ReadProcessMemory or WriteProcessMemory request was completed. (0x12B)
[0513/133730.933:ERROR:process_memory_win.cc(73)] ReadMemory at 0x1509fa7e9f0 of 60 bytes failed: Only part of a ReadProcessMemory or WriteProcessMemory request was completed. (0x12B)
[0513/133730.933:ERROR:process_memory_win.cc(73)] ReadMemory at 0x1509fa7ea90 of 58 bytes failed: Only part of a ReadProcessMemory or WriteProcessMemory request was completed. (0x12B)
[0513/133730.933:ERROR:process_memory_win.cc(73)] ReadMemory at 0x1509fa7eae0 of 62 bytes failed: Only part of a ReadProcessMemory or WriteProcessMemory request was completed. (0x12B)
[0513/133730.933:ERROR:process_memory_win.cc(73)] ReadMemory at 0x1509fa7eb80 of 62 bytes failed: Only part of a ReadProcessMemory or WriteProcessMemory request was completed. (0x12B)
[0513/133730.934:ERROR:process_memory_win.cc(73)] ReadMemory at 0x1509fa7ebd0 of 62 bytes failed: Only part of a ReadProcessMemory or WriteProcessMemory request was completed. (0x12B)
[0513/133730.934:ERROR:process_memory_win.cc(73)] ReadMemory at 0x1509fa7ec70 of 64 bytes failed: Only part of a ReadProcessMemory or WriteProcessMemory request was completed. (0x12B)
[0513/133730.934:ERROR:process_memory_win.cc(73)] ReadMemory at 0x1509fa7ed10 of 62 bytes failed: Only part of a ReadProcessMemory or WriteProcessMemory request was completed. (0x12B)
[0513/133730.934:ERROR:process_memory_win.cc(73)] ReadMemory at 0x1509fa7ed60 of 62 bytes failed: Only part of a ReadProcessMemory or WriteProcessMemory request was completed. (0x12B)
[0513/133730.934:ERROR:process_memory_win.cc(73)] ReadMemory at 0x1509fa7eea0 of 62 bytes failed: Only part of a ReadProcessMemory or WriteProcessMemory request was completed. (0x12B)
[0513/133730.934:ERROR:process_memory_win.cc(73)] ReadMemory at 0x1509fa93bb0 of 512 bytes failed: Only part of a ReadProcessMemory or WriteProcessMemory request was completed. (0x12B)
[0513/133730.934:ERROR:process_memory_win.cc(73)] ReadMemory at 0x1509fa949d0 of 512 bytes failed: Only part of a ReadProcessMemory or WriteProcessMemory request was completed. (0x12B)
[0513/133730.935:ERROR:process_memory_win.cc(73)] ReadMemory at 0x150a0030c40 of 512 bytes failed: Only part of a ReadProcessMemory or WriteProcessMemory request was completed. (0x12B)
[0513/133730.935:ERROR:process_memory_win.cc(73)] ReadMemory at 0x150a0034600 of 512 bytes failed: Only part of a ReadProcessMemory or WriteProcessMemory request was completed. (0x12B)
[0513/133730.935:ERROR:process_memory_win.cc(73)] ReadMemory at 0x150a0140000 of 384 bytes failed: Only part of a ReadProcessMemory or WriteProcessMemory request was completed. (0x12B)
[0513/133730.935:ERROR:process_memory_win.cc(73)] ReadMemory at 0x150a0193500 of 512 bytes failed: Only part of a ReadProcessMemory or WriteProcessMemory request was completed. (0x12B)
[0513/133730.935:ERROR:process_memory_win.cc(73)] ReadMemory at 0x150a019f540 of 512 bytes failed: Only part of a ReadProcessMemory or WriteProcessMemory request was completed. (0x12B)
[0513/133730.935:ERROR:process_memory_win.cc(73)] ReadMemory at 0x150a01aadf0 of 712 bytes failed: Only part of a ReadProcessMemory or WriteProcessMemory request was completed. (0x12B)
[0513/133730.936:ERROR:process_memory_win.cc(73)] ReadMemory at 0x150a17a0000 of 384 bytes failed: Only part of a ReadProcessMemory or WriteProcessMemory request was completed. (0x12B)
[0513/133730.936:ERROR:process_memory_win.cc(73)] ReadMemory at 0x150a17db260 of 512 bytes failed: Only part of a ReadProcessMemory or WriteProcessMemory request was completed. (0x12B)
[0513/133730.936:ERROR:process_memory_win.cc(73)] ReadMemory at 0x150a17f2300 of 512 bytes failed: Only part of a ReadProcessMemory or WriteProcessMemory request was completed. (0x12B)
[0513/133730.936:ERROR:process_memory_win.cc(73)] ReadMemory at 0x150a18245d0 of 512 bytes failed: Only part of a ReadProcessMemory or WriteProcessMemory request was completed. (0x12B)
[0513/133730.936:ERROR:process_memory_win.cc(73)] ReadMemory at 0x150b02e9b00 of 992 bytes failed: Only part of a ReadProcessMemory or WriteProcessMemory request was completed. (0x12B)
[0513/133730.936:ERROR:process_memory_win.cc(73)] ReadMemory at 0x150b1dd0bc0 of 512 bytes failed: Only part of a ReadProcessMemory or WriteProcessMemory request was completed. (0x12B)
[0513/133730.937:ERROR:process_memory_win.cc(73)] ReadMemory at 0x150b1dd11f0 of 512 bytes failed: Only part of a ReadProcessMemory or WriteProcessMemory request was completed. (0x12B)
[0513/133730.937:ERROR:process_memory_win.cc(73)] ReadMemory at 0x150b8b91298 of 512 bytes failed: Only part of a ReadProcessMemory or WriteProcessMemory request was completed. (0x12B)
[0513/133730.937:ERROR:process_memory_win.cc(73)] ReadMemory at 0x150bded4580 of 512 bytes failed: Only part of a ReadProcessMemory or WriteProcessMemory request was completed. (0x12B)
[0513/133730.978:ERROR:scoped_process_suspend.cc(40)] NtResumeProcess: An attempt was made to access an exiting process. (0xc000010a)
